#
# There is insufficient memory for the Java Runtime Environment to continue.
# Native memory allocation (malloc) failed to allocate 316016 bytes. Error detail: Chunk::new
# Possible reasons:
#   The system is out of physical RAM or swap space
#   This process is running with CompressedOops enabled, and the Java Heap may be blocking the growth of the native heap
# Possible solutions:
#   Reduce memory load on the system
#   Increase physical memory or swap space
#   Check if swap backing store is full
#   Decrease Java heap size (-Xmx/-Xms)
#   Decrease number of Java threads
#   Decrease Java thread stack sizes (-Xss)
#   Set larger code cache with -XX:ReservedCodeCacheSize=
#   JVM is running with Unscaled Compressed Oops mode in which the Java heap is
#     placed in the first 4GB address space. The Java Heap base address is the
#     maximum limit for the native heap growth. Please use -XX:HeapBaseMinAddress
#     to set the Java Heap base and to place the Java Heap above 4GB virtual address.
# This output file may be truncated or incomplete.
#
#  Out of Memory Error (arena.cpp:149), pid=20592, tid=19912
#
# JRE version: OpenJDK Runtime Environment (23.0.1+11) (build 23.0.1+11-39)
# Java VM: OpenJDK 64-Bit Server VM (23.0.1+11-39, mixed mode, sharing, tiered, compressed oops, compressed class ptrs, g1 gc, windows-amd64)
# No core dump will be written. Minidumps are not enabled by default on client versions of Windows
#

---------------  S U M M A R Y ------------

Command Line: --add-opens=java.base/java.lang=ALL-UNNAMED --add-opens=java.base/java.lang.invoke=ALL-UNNAMED --add-opens=java.base/java.util=ALL-UNNAMED --add-opens=java.prefs/java.util.prefs=ALL-UNNAMED --add-exports=jdk.compiler/com.sun.tools.javac.api=ALL-UNNAMED --add-exports=jdk.compiler/com.sun.tools.javac.util=ALL-UNNAMED --add-opens=java.base/java.util=ALL-UNNAMED --add-opens=java.prefs/java.util.prefs=ALL-UNNAMED --add-opens=java.base/java.nio.charset=ALL-UNNAMED --add-opens=java.base/java.net=ALL-UNNAMED --add-opens=java.base/java.util.concurrent.atomic=ALL-UNNAMED --add-opens=java.xml/javax.xml.namespace=ALL-UNNAMED -XX:MaxMetaspaceSize=384m -XX:+HeapDumpOnOutOfMemoryError -Xms256m -Xmx512m -Dfile.encoding=UTF-8 -Duser.country=IN -Duser.language=en -Duser.variant -javaagent:C:\Users\HP\.gradle\wrapper\dists\gradle-8.12.1-bin\eumc4uhoysa37zql93vfjkxy0\gradle-8.12.1\lib\agents\gradle-instrumentation-agent-8.12.1.jar org.gradle.launcher.daemon.bootstrap.GradleDaemon 8.12.1

Host: AMD Ryzen 3 3250U with Radeon Graphics         , 4 cores, 5G,  Windows 11 , 64 bit Build 26100 (10.0.26100.3037)
Time: Sun Feb  9 02:58:39 2025 India Standard Time elapsed time: 114.325637 seconds (0d 0h 1m 54s)

---------------  T H R E A D  ---------------

Current thread (0x00000259ad676100):  JavaThread "C2 CompilerThread0" daemon [_thread_in_native, id=19912, stack(0x0000008ae5800000,0x0000008ae5900000) (1024K)]


Current CompileTask:
C2:114326 5102       4       sun.invoke.util.VerifyAccess::isSamePackage (37 bytes)

Stack: [0x0000008ae5800000,0x0000008ae5900000]
Native frames: (J=compiled Java code, j=interpreted, Vv=VM code, C=native code)
V  [jvm.dll+0x6e08b9]  (no source info available)
V  [jvm.dll+0x87dc83]  (no source info available)
V  [jvm.dll+0x88010e]  (no source info available)
V  [jvm.dll+0x8807e3]  (no source info available)
V  [jvm.dll+0x27aee6]  (no source info available)
V  [jvm.dll+0xbc06f]  (no source info available)
V  [jvm.dll+0xbc2cb]  (no source info available)
V  [jvm.dll+0x3b3a62]  (no source info available)
V  [jvm.dll+0x38a42b]  (no source info available)
V  [jvm.dll+0x38989a]  (no source info available)
V  [jvm.dll+0x244aa1]  (no source info available)
V  [jvm.dll+0x243dff]  (no source info available)
V  [jvm.dll+0x1c33a0]  (no source info available)
V  [jvm.dll+0x253cf1]  (no source info available)
V  [jvm.dll+0x251faa]  (no source info available)
V  [jvm.dll+0x3ee036]  (no source info available)
V  [jvm.dll+0x824f8b]  (no source info available)
V  [jvm.dll+0x6df065]  (no source info available)
C  [ucrtbase.dll+0x37b0]  (no source info available)
C  [KERNEL32.DLL+0x2e8d7]  (no source info available)
C  [ntdll.dll+0xbbf2c]  (no source info available)

Lock stack of current Java thread (top to bottom):


---------------  P R O C E S S  ---------------

Threads class SMR info:
_java_thread_list=0x00000259c8892ba0, length=36, elements={
0x0000025990c96930, 0x00000259ad66a5b0, 0x00000259ad66c2c0, 0x00000259ad673450,
0x00000259ad673eb0, 0x00000259ad674910, 0x00000259ad675370, 0x00000259ad676100,
0x00000259ad6ead90, 0x00000259ad6435b0, 0x00000259ad92fc90, 0x00000259c878b290,
0x00000259c7a36ee0, 0x00000259c89716a0, 0x00000259c7fdca20, 0x00000259c7fdd090,
0x00000259c7bfb430, 0x00000259c802b6d0, 0x00000259c8028f70, 0x00000259c80288e0,
0x00000259c802a9b0, 0x00000259c802b040, 0x00000259c8029600, 0x00000259c802a320,
0x00000259c7b43040, 0x00000259c7b45e30, 0x00000259c7b464c0, 0x00000259c7b43d60,
0x00000259c7b457a0, 0x00000259c7b443f0, 0x00000259ca04faf0, 0x00000259ca052250,
0x00000259ca050180, 0x00000259ca051530, 0x00000259ca053c90, 0x00000259ca050810
}

Java Threads: ( => current thread )
  0x0000025990c96930 JavaThread "main"                              [_thread_blocked, id=14544, stack(0x0000008ae4a00000,0x0000008ae4b00000) (1024K)]
  0x00000259ad66a5b0 JavaThread "Reference Handler"          daemon [_thread_blocked, id=20572, stack(0x0000008ae5200000,0x0000008ae5300000) (1024K)]
  0x00000259ad66c2c0 JavaThread "Finalizer"                  daemon [_thread_blocked, id=19396, stack(0x0000008ae5300000,0x0000008ae5400000) (1024K)]
  0x00000259ad673450 JavaThread "Signal Dispatcher"          daemon [_thread_blocked, id=8124, stack(0x0000008ae5400000,0x0000008ae5500000) (1024K)]
  0x00000259ad673eb0 JavaThread "Attach Listener"            daemon [_thread_blocked, id=20240, stack(0x0000008ae5500000,0x0000008ae5600000) (1024K)]
  0x00000259ad674910 JavaThread "Service Thread"             daemon [_thread_blocked, id=19296, stack(0x0000008ae5600000,0x0000008ae5700000) (1024K)]
  0x00000259ad675370 JavaThread "Monitor Deflation Thread"   daemon [_thread_blocked, id=3684, stack(0x0000008ae5700000,0x0000008ae5800000) (1024K)]
=>0x00000259ad676100 JavaThread "C2 CompilerThread0"         daemon [_thread_in_native, id=19912, stack(0x0000008ae5800000,0x0000008ae5900000) (1024K)]
  0x00000259ad6ead90 JavaThread "C1 CompilerThread0"         daemon [_thread_blocked, id=20636, stack(0x0000008ae5900000,0x0000008ae5a00000) (1024K)]
  0x00000259ad6435b0 JavaThread "Common-Cleaner"             daemon [_thread_blocked, id=3392, stack(0x0000008ae5a00000,0x0000008ae5b00000) (1024K)]
  0x00000259ad92fc90 JavaThread "Notification Thread"        daemon [_thread_blocked, id=10928, stack(0x0000008ae5b00000,0x0000008ae5c00000) (1024K)]
  0x00000259c878b290 JavaThread "Daemon health stats"               [_thread_blocked, id=8276, stack(0x0000008ae5f00000,0x0000008ae6000000) (1024K)]
  0x00000259c7a36ee0 JavaThread "Incoming local TCP Connector on port 54750"        [_thread_in_native, id=8744, stack(0x0000008ae6000000,0x0000008ae6100000) (1024K)]
  0x00000259c89716a0 JavaThread "Daemon periodic checks"            [_thread_blocked, id=16116, stack(0x0000008ae6100000,0x0000008ae6200000) (1024K)]
  0x00000259c7fdca20 JavaThread "Daemon"                            [_thread_blocked, id=16828, stack(0x0000008ae6200000,0x0000008ae6300000) (1024K)]
  0x00000259c7fdd090 JavaThread "Handler for socket connection from /127.0.0.1:54750 to /127.0.0.1:54756"        [_thread_in_native, id=1072, stack(0x0000008ae6300000,0x0000008ae6400000) (1024K)]
  0x00000259c7bfb430 JavaThread "Cancel handler"                    [_thread_blocked, id=15392, stack(0x0000008ae6400000,0x0000008ae6500000) (1024K)]
  0x00000259c802b6d0 JavaThread "Daemon worker"                     [_thread_in_vm, id=18832, stack(0x0000008ae6500000,0x0000008ae6600000) (1024K)]
  0x00000259c8028f70 JavaThread "Asynchronous log dispatcher for DefaultDaemonConnection: socket connection from /127.0.0.1:54750 to /127.0.0.1:54756"        [_thread_blocked, id=20972, stack(0x0000008ae6600000,0x0000008ae6700000) (1024K)]
  0x00000259c80288e0 JavaThread "Stdin handler"                     [_thread_blocked, id=1164, stack(0x0000008ae6700000,0x0000008ae6800000) (1024K)]
  0x00000259c802a9b0 JavaThread "Daemon client event forwarder"        [_thread_blocked, id=20716, stack(0x0000008ae6800000,0x0000008ae6900000) (1024K)]
  0x00000259c802b040 JavaThread "Cache worker for journal cache (C:\Users\HP\.gradle\caches\journal-1)"        [_thread_blocked, id=15520, stack(0x0000008ae6900000,0x0000008ae6a00000) (1024K)]
  0x00000259c8029600 JavaThread "File lock request listener"        [_thread_in_native, id=21200, stack(0x0000008ae6a00000,0x0000008ae6b00000) (1024K)]
  0x00000259c802a320 JavaThread "Cache worker for file hash cache (C:\Users\HP\.gradle\caches\8.12.1\fileHashes)"        [_thread_blocked, id=520, stack(0x0000008ae6b00000,0x0000008ae6c00000) (1024K)]
  0x00000259c7b43040 JavaThread "File lock release action executor"        [_thread_blocked, id=20740, stack(0x0000008ae6c00000,0x0000008ae6d00000) (1024K)]
  0x00000259c7b45e30 JavaThread "Cache worker for file hash cache (D:\2621\Backened\UberLocationService\.gradle\8.12.1\fileHashes)"        [_thread_blocked, id=17908, stack(0x0000008ae4700000,0x0000008ae4800000) (1024K)]
  0x00000259c7b464c0 JavaThread "Cache worker for Build Output Cleanup Cache (D:\2621\Backened\UberLocationService\.gradle\buildOutputCleanup)"        [_thread_blocked, id=19156, stack(0x0000008ae6d00000,0x0000008ae6e00000) (1024K)]
  0x00000259c7b43d60 JavaThread "File watcher server"        daemon [_thread_in_native, id=4372, stack(0x0000008ae6e00000,0x0000008ae6f00000) (1024K)]
  0x00000259c7b457a0 JavaThread "File watcher consumer"      daemon [_thread_blocked, id=19044, stack(0x0000008ae6f00000,0x0000008ae7000000) (1024K)]
  0x00000259c7b443f0 JavaThread "jar transforms"                    [_thread_blocked, id=11360, stack(0x0000008ae7000000,0x0000008ae7100000) (1024K)]
  0x00000259ca04faf0 JavaThread "jar transforms Thread 2"           [_thread_blocked, id=17556, stack(0x0000008ae7100000,0x0000008ae7200000) (1024K)]
  0x00000259ca052250 JavaThread "Cache worker for checksums cache (D:\2621\Backened\UberLocationService\.gradle\8.12.1\checksums)"        [_thread_blocked, id=21560, stack(0x0000008ae4800000,0x0000008ae4900000) (1024K)]
  0x00000259ca050180 JavaThread "Cache worker for file content cache (C:\Users\HP\.gradle\caches\8.12.1\fileContent)"        [_thread_blocked, id=21572, stack(0x0000008ae4900000,0x0000008ae4a00000) (1024K)]
  0x00000259ca051530 JavaThread "jar transforms Thread 3"           [_thread_blocked, id=21820, stack(0x0000008ae7200000,0x0000008ae7300000) (1024K)]
  0x00000259ca053c90 JavaThread "Cache worker for cache directory md-rule (C:\Users\HP\.gradle\caches\8.12.1\md-rule)"        [_thread_blocked, id=22044, stack(0x0000008ae7300000,0x0000008ae7400000) (1024K)]
  0x00000259ca050810 JavaThread "Cache worker for cache directory md-supplier (C:\Users\HP\.gradle\caches\8.12.1\md-supplier)"        [_thread_blocked, id=22200, stack(0x0000008ae7400000,0x0000008ae7500000) (1024K)]
Total: 36

Other Threads:
  0x00000259ad64e690 VMThread "VM Thread"                           [id=16464, stack(0x0000008ae5100000,0x0000008ae5200000) (1024K)]
  0x00000259ad6416f0 WatcherThread "VM Periodic Task Thread"        [id=17484, stack(0x0000008ae5000000,0x0000008ae5100000) (1024K)]
  0x0000025992f467f0 WorkerThread "GC Thread#0"                     [id=10804, stack(0x0000008ae4b00000,0x0000008ae4c00000) (1024K)]
  0x00000259ad977b00 WorkerThread "GC Thread#1"                     [id=17640, stack(0x0000008ae5c00000,0x0000008ae5d00000) (1024K)]
  0x00000259ad977eb0 WorkerThread "GC Thread#2"                     [id=12696, stack(0x0000008ae5d00000,0x0000008ae5e00000) (1024K)]
  0x00000259ad978260 WorkerThread "GC Thread#3"                     [id=19388, stack(0x0000008ae5e00000,0x0000008ae5f00000) (1024K)]
  0x0000025992f4d760 ConcurrentGCThread "G1 Main Marker"            [id=3440, stack(0x0000008ae4c00000,0x0000008ae4d00000) (1024K)]
  0x0000025992f4f0a0 WorkerThread "G1 Conc#0"                       [id=12572, stack(0x0000008ae4d00000,0x0000008ae4e00000) (1024K)]
  0x00000259ad50c190 ConcurrentGCThread "G1 Refine#0"               [id=20560, stack(0x0000008ae4e00000,0x0000008ae4f00000) (1024K)]
  0x00000259ad50c9c0 ConcurrentGCThread "G1 Service"                [id=1752, stack(0x0000008ae4f00000,0x0000008ae5000000) (1024K)]
Total: 10

Threads with active compile tasks:
C2 CompilerThread0  114631 5102       4       sun.invoke.util.VerifyAccess::isSamePackage (37 bytes)
Total: 1

VM state: not at safepoint (normal execution)

VM Mutex/Monitor currently owned by a thread: None

Heap address: 0x00000000e0000000, size: 512 MB, Compressed Oops mode: 32-bit

CDS archive(s) mapped at: [0x00000259ae000000-0x00000259aed70000-0x00000259aed70000), size 14090240, SharedBaseAddress: 0x00000259ae000000, ArchiveRelocationMode: 1.
Compressed class space mapped at: 0x00000259af000000-0x00000259c3000000, reserved size: 335544320
Narrow klass base: 0x00000259ae000000, Narrow klass shift: 0, Narrow klass range: 0x15000000

GC Precious Log:
 CardTable entry size: 512
 Card Set container configuration: InlinePtr #cards 5 size 8 Array Of Cards #cards 10 size 36 Howl #buckets 4 coarsen threshold 1843 Howl Bitmap #cards 512 size 80 coarsen threshold 460 Card regions per heap region 1 cards per card region 2048
 CPUs: 4 total, 4 available
 Memory: 6086M
 Large Page Support: Disabled
 NUMA Support: Disabled
 Compressed Oops: Enabled (32-bit)
 Heap Region Size: 1M
 Heap Min Capacity: 256M
 Heap Initial Capacity: 256M
 Heap Max Capacity: 512M
 Pre-touch: Disabled
 Parallel Workers: 4
 Concurrent Workers: 1
 Concurrent Refinement Workers: 4
 Periodic GC: Disabled

Heap:
 garbage-first heap   total reserved 524288K, committed 262144K, used 70475K [0x00000000e0000000, 0x0000000100000000)
  region size 1024K, 39 young (39936K), 1 survivors (1024K)
 Metaspace       used 39472K, committed 40960K, reserved 393216K
  class space    used 5773K, committed 6464K, reserved 327680K

Heap Regions: E=young(eden), S=young(survivor), O=old, HS=humongous(starts), HC=humongous(continues), CS=collection set, F=free, TAMS=top-at-mark-start, PB=parsable bottom
|   0|0x00000000e0000000, 0x00000000e0100000, 0x00000000e0100000|100%|HS|  |TAMS 0x00000000e0000000| PB 0x00000000e0000000| Complete |  0
|   1|0x00000000e0100000, 0x00000000e0200000, 0x00000000e0200000|100%|HC|  |TAMS 0x00000000e0100000| PB 0x00000000e0100000| Complete |  0
|   2|0x00000000e0200000, 0x00000000e0300000, 0x00000000e0300000|100%|HC|  |TAMS 0x00000000e0200000| PB 0x00000000e0200000| Complete |  0
|   3|0x00000000e0300000, 0x00000000e0400000, 0x00000000e0400000|100%| O|  |TAMS 0x00000000e0300000| PB 0x00000000e0300000| Untracked |  0
|   4|0x00000000e0400000, 0x00000000e0400000, 0x00000000e0500000|  0%| F|  |TAMS 0x00000000e0400000| PB 0x00000000e0400000| Untracked |  0
|   5|0x00000000e0500000, 0x00000000e0600000, 0x00000000e0600000|100%| O|  |TAMS 0x00000000e0500000| PB 0x00000000e0500000| Untracked |  0
|   6|0x00000000e0600000, 0x00000000e0700000, 0x00000000e0700000|100%| O|  |TAMS 0x00000000e0600000| PB 0x00000000e0600000| Untracked |  0
|   7|0x00000000e0700000, 0x00000000e0800000, 0x00000000e0800000|100%| O|  |TAMS 0x00000000e0700000| PB 0x00000000e0700000| Untracked |  0
|   8|0x00000000e0800000, 0x00000000e0900000, 0x00000000e0900000|100%|HS|  |TAMS 0x00000000e0800000| PB 0x00000000e0800000| Complete |  0
|   9|0x00000000e0900000, 0x00000000e0a00000, 0x00000000e0a00000|100%| O|  |TAMS 0x00000000e0900000| PB 0x00000000e0900000| Untracked |  0
|  10|0x00000000e0a00000, 0x00000000e0b00000, 0x00000000e0b00000|100%| O|  |TAMS 0x00000000e0a00000| PB 0x00000000e0a00000| Untracked |  0
|  11|0x00000000e0b00000, 0x00000000e0c00000, 0x00000000e0c00000|100%| O|  |TAMS 0x00000000e0b00000| PB 0x00000000e0b00000| Untracked |  0
|  12|0x00000000e0c00000, 0x00000000e0d00000, 0x00000000e0d00000|100%| O|  |TAMS 0x00000000e0c00000| PB 0x00000000e0c00000| Untracked |  0
|  13|0x00000000e0d00000, 0x00000000e0e00000, 0x00000000e0e00000|100%| O|  |TAMS 0x00000000e0d00000| PB 0x00000000e0d00000| Untracked |  0
|  14|0x00000000e0e00000, 0x00000000e0f00000, 0x00000000e0f00000|100%| O|  |TAMS 0x00000000e0e00000| PB 0x00000000e0e00000| Untracked |  0
|  15|0x00000000e0f00000, 0x00000000e1000000, 0x00000000e1000000|100%| O|  |TAMS 0x00000000e0f00000| PB 0x00000000e0f00000| Untracked |  0
|  16|0x00000000e1000000, 0x00000000e1100000, 0x00000000e1100000|100%| O|  |TAMS 0x00000000e1000000| PB 0x00000000e1000000| Untracked |  0
|  17|0x00000000e1100000, 0x00000000e1200000, 0x00000000e1200000|100%| O|  |TAMS 0x00000000e1100000| PB 0x00000000e1100000| Untracked |  0
|  18|0x00000000e1200000, 0x00000000e1300000, 0x00000000e1300000|100%| O|  |TAMS 0x00000000e1200000| PB 0x00000000e1200000| Untracked |  0
|  19|0x00000000e1300000, 0x00000000e1400000, 0x00000000e1400000|100%| O|  |TAMS 0x00000000e1300000| PB 0x00000000e1300000| Untracked |  0
|  20|0x00000000e1400000, 0x00000000e1500000, 0x00000000e1500000|100%| O|  |TAMS 0x00000000e1400000| PB 0x00000000e1400000| Untracked |  0
|  21|0x00000000e1500000, 0x00000000e1600000, 0x00000000e1600000|100%| O|  |TAMS 0x00000000e1500000| PB 0x00000000e1500000| Untracked |  0
|  22|0x00000000e1600000, 0x00000000e1700000, 0x00000000e1700000|100%| O|  |TAMS 0x00000000e1600000| PB 0x00000000e1600000| Untracked |  0
|  23|0x00000000e1700000, 0x00000000e1800000, 0x00000000e1800000|100%| O|  |TAMS 0x00000000e1700000| PB 0x00000000e1700000| Untracked |  0
|  24|0x00000000e1800000, 0x00000000e1900000, 0x00000000e1900000|100%| O|  |TAMS 0x00000000e1800000| PB 0x00000000e1800000| Untracked |  0
|  25|0x00000000e1900000, 0x00000000e1a00000, 0x00000000e1a00000|100%| O|  |TAMS 0x00000000e1900000| PB 0x00000000e1900000| Untracked |  0
|  26|0x00000000e1a00000, 0x00000000e1b00000, 0x00000000e1b00000|100%| O|  |TAMS 0x00000000e1a00000| PB 0x00000000e1a00000| Untracked |  0
|  27|0x00000000e1b00000, 0x00000000e1c00000, 0x00000000e1c00000|100%| O|  |TAMS 0x00000000e1b00000| PB 0x00000000e1b00000| Untracked |  0
|  28|0x00000000e1c00000, 0x00000000e1d00000, 0x00000000e1d00000|100%| O|  |TAMS 0x00000000e1c00000| PB 0x00000000e1c00000| Untracked |  0
|  29|0x00000000e1d00000, 0x00000000e1e00000, 0x00000000e1e00000|100%| O|  |TAMS 0x00000000e1d00000| PB 0x00000000e1d00000| Untracked |  0
|  30|0x00000000e1e00000, 0x00000000e1f00000, 0x00000000e1f00000|100%| O|  |TAMS 0x00000000e1e00000| PB 0x00000000e1e00000| Untracked |  0
|  31|0x00000000e1f00000, 0x00000000e2000000, 0x00000000e2000000|100%| O|Cm|TAMS 0x00000000e1f00000| PB 0x00000000e1f00000| Complete |  0
|  32|0x00000000e2000000, 0x00000000e2013560, 0x00000000e2100000|  7%| O|  |TAMS 0x00000000e2000000| PB 0x00000000e2000000| Untracked |  0
|  33|0x00000000e2100000, 0x00000000e2100000, 0x00000000e2200000|  0%| F|  |TAMS 0x00000000e2100000| PB 0x00000000e2100000| Untracked |  0
|  34|0x00000000e2200000, 0x00000000e2200000, 0x00000000e2300000|  0%| F|  |TAMS 0x00000000e2200000| PB 0x00000000e2200000| Untracked |  0
|  35|0x00000000e2300000, 0x00000000e2300000, 0x00000000e2400000|  0%| F|  |TAMS 0x00000000e2300000| PB 0x00000000e2300000| Untracked |  0
|  36|0x00000000e2400000, 0x00000000e2400000, 0x00000000e2500000|  0%| F|  |TAMS 0x00000000e2400000| PB 0x00000000e2400000| Untracked |  0
|  37|0x00000000e2500000, 0x00000000e2500000, 0x00000000e2600000|  0%| F|  |TAMS 0x00000000e2500000| PB 0x00000000e2500000| Untracked |  0
|  38|0x00000000e2600000, 0x00000000e2600000, 0x00000000e2700000|  0%| F|  |TAMS 0x00000000e2600000| PB 0x00000000e2600000| Untracked |  0
|  39|0x00000000e2700000, 0x00000000e2700000, 0x00000000e2800000|  0%| F|  |TAMS 0x00000000e2700000| PB 0x00000000e2700000| Untracked |  0
|  40|0x00000000e2800000, 0x00000000e2800000, 0x00000000e2900000|  0%| F|  |TAMS 0x00000000e2800000| PB 0x00000000e2800000| Untracked |  0
|  41|0x00000000e2900000, 0x00000000e2900000, 0x00000000e2a00000|  0%| F|  |TAMS 0x00000000e2900000| PB 0x00000000e2900000| Untracked |  0
|  42|0x00000000e2a00000, 0x00000000e2a00000, 0x00000000e2b00000|  0%| F|  |TAMS 0x00000000e2a00000| PB 0x00000000e2a00000| Untracked |  0
|  43|0x00000000e2b00000, 0x00000000e2b00000, 0x00000000e2c00000|  0%| F|  |TAMS 0x00000000e2b00000| PB 0x00000000e2b00000| Untracked |  0
|  44|0x00000000e2c00000, 0x00000000e2c00000, 0x00000000e2d00000|  0%| F|  |TAMS 0x00000000e2c00000| PB 0x00000000e2c00000| Untracked |  0
|  45|0x00000000e2d00000, 0x00000000e2d00000, 0x00000000e2e00000|  0%| F|  |TAMS 0x00000000e2d00000| PB 0x00000000e2d00000| Untracked |  0
|  46|0x00000000e2e00000, 0x00000000e2e00000, 0x00000000e2f00000|  0%| F|  |TAMS 0x00000000e2e00000| PB 0x00000000e2e00000| Untracked |  0
|  47|0x00000000e2f00000, 0x00000000e2f00000, 0x00000000e3000000|  0%| F|  |TAMS 0x00000000e2f00000| PB 0x00000000e2f00000| Untracked |  0
|  48|0x00000000e3000000, 0x00000000e3000000, 0x00000000e3100000|  0%| F|  |TAMS 0x00000000e3000000| PB 0x00000000e3000000| Untracked |  0
|  49|0x00000000e3100000, 0x00000000e3100000, 0x00000000e3200000|  0%| F|  |TAMS 0x00000000e3100000| PB 0x00000000e3100000| Untracked |  0
|  50|0x00000000e3200000, 0x00000000e3200000, 0x00000000e3300000|  0%| F|  |TAMS 0x00000000e3200000| PB 0x00000000e3200000| Untracked |  0
|  51|0x00000000e3300000, 0x00000000e3300000, 0x00000000e3400000|  0%| F|  |TAMS 0x00000000e3300000| PB 0x00000000e3300000| Untracked |  0
|  52|0x00000000e3400000, 0x00000000e3400000, 0x00000000e3500000|  0%| F|  |TAMS 0x00000000e3400000| PB 0x00000000e3400000| Untracked |  0
|  53|0x00000000e3500000, 0x00000000e3500000, 0x00000000e3600000|  0%| F|  |TAMS 0x00000000e3500000| PB 0x00000000e3500000| Untracked |  0
|  54|0x00000000e3600000, 0x00000000e3600000, 0x00000000e3700000|  0%| F|  |TAMS 0x00000000e3600000| PB 0x00000000e3600000| Untracked |  0
|  55|0x00000000e3700000, 0x00000000e3700000, 0x00000000e3800000|  0%| F|  |TAMS 0x00000000e3700000| PB 0x00000000e3700000| Untracked |  0
|  56|0x00000000e3800000, 0x00000000e3800000, 0x00000000e3900000|  0%| F|  |TAMS 0x00000000e3800000| PB 0x00000000e3800000| Untracked |  0
|  57|0x00000000e3900000, 0x00000000e3900000, 0x00000000e3a00000|  0%| F|  |TAMS 0x00000000e3900000| PB 0x00000000e3900000| Untracked |  0
|  58|0x00000000e3a00000, 0x00000000e3a00000, 0x00000000e3b00000|  0%| F|  |TAMS 0x00000000e3a00000| PB 0x00000000e3a00000| Untracked |  0
|  59|0x00000000e3b00000, 0x00000000e3b00000, 0x00000000e3c00000|  0%| F|  |TAMS 0x00000000e3b00000| PB 0x00000000e3b00000| Untracked |  0
|  60|0x00000000e3c00000, 0x00000000e3c00000, 0x00000000e3d00000|  0%| F|  |TAMS 0x00000000e3c00000| PB 0x00000000e3c00000| Untracked |  0
|  61|0x00000000e3d00000, 0x00000000e3d00000, 0x00000000e3e00000|  0%| F|  |TAMS 0x00000000e3d00000| PB 0x00000000e3d00000| Untracked |  0
|  62|0x00000000e3e00000, 0x00000000e3e00000, 0x00000000e3f00000|  0%| F|  |TAMS 0x00000000e3e00000| PB 0x00000000e3e00000| Untracked |  0
|  63|0x00000000e3f00000, 0x00000000e3f00000, 0x00000000e4000000|  0%| F|  |TAMS 0x00000000e3f00000| PB 0x00000000e3f00000| Untracked |  0
|  64|0x00000000e4000000, 0x00000000e4000000, 0x00000000e4100000|  0%| F|  |TAMS 0x00000000e4000000| PB 0x00000000e4000000| Untracked |  0
|  65|0x00000000e4100000, 0x00000000e4100000, 0x00000000e4200000|  0%| F|  |TAMS 0x00000000e4100000| PB 0x00000000e4100000| Untracked |  0
|  66|0x00000000e4200000, 0x00000000e4200000, 0x00000000e4300000|  0%| F|  |TAMS 0x00000000e4200000| PB 0x00000000e4200000| Untracked |  0
|  67|0x00000000e4300000, 0x00000000e4300000, 0x00000000e4400000|  0%| F|  |TAMS 0x00000000e4300000| PB 0x00000000e4300000| Untracked |  0
|  68|0x00000000e4400000, 0x00000000e4400000, 0x00000000e4500000|  0%| F|  |TAMS 0x00000000e4400000| PB 0x00000000e4400000| Untracked |  0
|  69|0x00000000e4500000, 0x00000000e4500000, 0x00000000e4600000|  0%| F|  |TAMS 0x00000000e4500000| PB 0x00000000e4500000| Untracked |  0
|  70|0x00000000e4600000, 0x00000000e4600000, 0x00000000e4700000|  0%| F|  |TAMS 0x00000000e4600000| PB 0x00000000e4600000| Untracked |  0
|  71|0x00000000e4700000, 0x00000000e4700000, 0x00000000e4800000|  0%| F|  |TAMS 0x00000000e4700000| PB 0x00000000e4700000| Untracked |  0
|  72|0x00000000e4800000, 0x00000000e4800000, 0x00000000e4900000|  0%| F|  |TAMS 0x00000000e4800000| PB 0x00000000e4800000| Untracked |  0
|  73|0x00000000e4900000, 0x00000000e4900000, 0x00000000e4a00000|  0%| F|  |TAMS 0x00000000e4900000| PB 0x00000000e4900000| Untracked |  0
|  74|0x00000000e4a00000, 0x00000000e4a00000, 0x00000000e4b00000|  0%| F|  |TAMS 0x00000000e4a00000| PB 0x00000000e4a00000| Untracked |  0
|  75|0x00000000e4b00000, 0x00000000e4b00000, 0x00000000e4c00000|  0%| F|  |TAMS 0x00000000e4b00000| PB 0x00000000e4b00000| Untracked |  0
|  76|0x00000000e4c00000, 0x00000000e4c00000, 0x00000000e4d00000|  0%| F|  |TAMS 0x00000000e4c00000| PB 0x00000000e4c00000| Untracked |  0
|  77|0x00000000e4d00000, 0x00000000e4d00000, 0x00000000e4e00000|  0%| F|  |TAMS 0x00000000e4d00000| PB 0x00000000e4d00000| Untracked |  0
|  78|0x00000000e4e00000, 0x00000000e4e00000, 0x00000000e4f00000|  0%| F|  |TAMS 0x00000000e4e00000| PB 0x00000000e4e00000| Untracked |  0
|  79|0x00000000e4f00000, 0x00000000e4f00000, 0x00000000e5000000|  0%| F|  |TAMS 0x00000000e4f00000| PB 0x00000000e4f00000| Untracked |  0
|  80|0x00000000e5000000, 0x00000000e5000000, 0x00000000e5100000|  0%| F|  |TAMS 0x00000000e5000000| PB 0x00000000e5000000| Untracked |  0
|  81|0x00000000e5100000, 0x00000000e5100000, 0x00000000e5200000|  0%| F|  |TAMS 0x00000000e5100000| PB 0x00000000e5100000| Untracked |  0
|  82|0x00000000e5200000, 0x00000000e5200000, 0x00000000e5300000|  0%| F|  |TAMS 0x00000000e5200000| PB 0x00000000e5200000| Untracked |  0
|  83|0x00000000e5300000, 0x00000000e5300000, 0x00000000e5400000|  0%| F|  |TAMS 0x00000000e5300000| PB 0x00000000e5300000| Untracked |  0
|  84|0x00000000e5400000, 0x00000000e5400000, 0x00000000e5500000|  0%| F|  |TAMS 0x00000000e5400000| PB 0x00000000e5400000| Untracked |  0
|  85|0x00000000e5500000, 0x00000000e5500000, 0x00000000e5600000|  0%| F|  |TAMS 0x00000000e5500000| PB 0x00000000e5500000| Untracked |  0
|  86|0x00000000e5600000, 0x00000000e5600000, 0x00000000e5700000|  0%| F|  |TAMS 0x00000000e5600000| PB 0x00000000e5600000| Untracked |  0
|  87|0x00000000e5700000, 0x00000000e5700000, 0x00000000e5800000|  0%| F|  |TAMS 0x00000000e5700000| PB 0x00000000e5700000| Untracked |  0
|  88|0x00000000e5800000, 0x00000000e5800000, 0x00000000e5900000|  0%| F|  |TAMS 0x00000000e5800000| PB 0x00000000e5800000| Untracked |  0
|  89|0x00000000e5900000, 0x00000000e5900000, 0x00000000e5a00000|  0%| F|  |TAMS 0x00000000e5900000| PB 0x00000000e5900000| Untracked |  0
|  90|0x00000000e5a00000, 0x00000000e5a00000, 0x00000000e5b00000|  0%| F|  |TAMS 0x00000000e5a00000| PB 0x00000000e5a00000| Untracked |  0
|  91|0x00000000e5b00000, 0x00000000e5b00000, 0x00000000e5c00000|  0%| F|  |TAMS 0x00000000e5b00000| PB 0x00000000e5b00000| Untracked |  0
|  92|0x00000000e5c00000, 0x00000000e5c00000, 0x00000000e5d00000|  0%| F|  |TAMS 0x00000000e5c00000| PB 0x00000000e5c00000| Untracked |  0
|  93|0x00000000e5d00000, 0x00000000e5d00000, 0x00000000e5e00000|  0%| F|  |TAMS 0x00000000e5d00000| PB 0x00000000e5d00000| Untracked |  0
|  94|0x00000000e5e00000, 0x00000000e5e00000, 0x00000000e5f00000|  0%| F|  |TAMS 0x00000000e5e00000| PB 0x00000000e5e00000| Untracked |  0
|  95|0x00000000e5f00000, 0x00000000e5f00000, 0x00000000e6000000|  0%| F|  |TAMS 0x00000000e5f00000| PB 0x00000000e5f00000| Untracked |  0
|  96|0x00000000e6000000, 0x00000000e6000000, 0x00000000e6100000|  0%| F|  |TAMS 0x00000000e6000000| PB 0x00000000e6000000| Untracked |  0
|  97|0x00000000e6100000, 0x00000000e6100000, 0x00000000e6200000|  0%| F|  |TAMS 0x00000000e6100000| PB 0x00000000e6100000| Untracked |  0
|  98|0x00000000e6200000, 0x00000000e6200000, 0x00000000e6300000|  0%| F|  |TAMS 0x00000000e6200000| PB 0x00000000e6200000| Untracked |  0
|  99|0x00000000e6300000, 0x00000000e6300000, 0x00000000e6400000|  0%| F|  |TAMS 0x00000000e6300000| PB 0x00000000e6300000| Untracked |  0
| 100|0x00000000e6400000, 0x00000000e6400000, 0x00000000e6500000|  0%| F|  |TAMS 0x00000000e6400000| PB 0x00000000e6400000| Untracked |  0
| 101|0x00000000e6500000, 0x00000000e6500000, 0x00000000e6600000|  0%| F|  |TAMS 0x00000000e6500000| PB 0x00000000e6500000| Untracked |  0
| 102|0x00000000e6600000, 0x00000000e6600000, 0x00000000e6700000|  0%| F|  |TAMS 0x00000000e6600000| PB 0x00000000e6600000| Untracked |  0
| 103|0x00000000e6700000, 0x00000000e6700000, 0x00000000e6800000|  0%| F|  |TAMS 0x00000000e6700000| PB 0x00000000e6700000| Untracked |  0
| 104|0x00000000e6800000, 0x00000000e6800000, 0x00000000e6900000|  0%| F|  |TAMS 0x00000000e6800000| PB 0x00000000e6800000| Untracked |  0
| 105|0x00000000e6900000, 0x00000000e6900000, 0x00000000e6a00000|  0%| F|  |TAMS 0x00000000e6900000| PB 0x00000000e6900000| Untracked |  0
| 106|0x00000000e6a00000, 0x00000000e6a00000, 0x00000000e6b00000|  0%| F|  |TAMS 0x00000000e6a00000| PB 0x00000000e6a00000| Untracked |  0
| 107|0x00000000e6b00000, 0x00000000e6b00000, 0x00000000e6c00000|  0%| F|  |TAMS 0x00000000e6b00000| PB 0x00000000e6b00000| Untracked |  0
| 108|0x00000000e6c00000, 0x00000000e6c00000, 0x00000000e6d00000|  0%| F|  |TAMS 0x00000000e6c00000| PB 0x00000000e6c00000| Untracked |  0
| 109|0x00000000e6d00000, 0x00000000e6d00000, 0x00000000e6e00000|  0%| F|  |TAMS 0x00000000e6d00000| PB 0x00000000e6d00000| Untracked |  0
| 110|0x00000000e6e00000, 0x00000000e6e00000, 0x00000000e6f00000|  0%| F|  |TAMS 0x00000000e6e00000| PB 0x00000000e6e00000| Untracked |  0
| 111|0x00000000e6f00000, 0x00000000e6f00000, 0x00000000e7000000|  0%| F|  |TAMS 0x00000000e6f00000| PB 0x00000000e6f00000| Untracked |  0
| 112|0x00000000e7000000, 0x00000000e7000000, 0x00000000e7100000|  0%| F|  |TAMS 0x00000000e7000000| PB 0x00000000e7000000| Untracked |  0
| 113|0x00000000e7100000, 0x00000000e7100000, 0x00000000e7200000|  0%| F|  |TAMS 0x00000000e7100000| PB 0x00000000e7100000| Untracked |  0
| 114|0x00000000e7200000, 0x00000000e7200000, 0x00000000e7300000|  0%| F|  |TAMS 0x00000000e7200000| PB 0x00000000e7200000| Untracked |  0
| 115|0x00000000e7300000, 0x00000000e7300000, 0x00000000e7400000|  0%| F|  |TAMS 0x00000000e7300000| PB 0x00000000e7300000| Untracked |  0
| 116|0x00000000e7400000, 0x00000000e7400000, 0x00000000e7500000|  0%| F|  |TAMS 0x00000000e7400000| PB 0x00000000e7400000| Untracked |  0
| 117|0x00000000e7500000, 0x00000000e7500000, 0x00000000e7600000|  0%| F|  |TAMS 0x00000000e7500000| PB 0x00000000e7500000| Untracked |  0
| 118|0x00000000e7600000, 0x00000000e7600000, 0x00000000e7700000|  0%| F|  |TAMS 0x00000000e7600000| PB 0x00000000e7600000| Untracked |  0
| 119|0x00000000e7700000, 0x00000000e7700000, 0x00000000e7800000|  0%| F|  |TAMS 0x00000000e7700000| PB 0x00000000e7700000| Untracked |  0
| 120|0x00000000e7800000, 0x00000000e7800000, 0x00000000e7900000|  0%| F|  |TAMS 0x00000000e7800000| PB 0x00000000e7800000| Untracked |  0
| 121|0x00000000e7900000, 0x00000000e7900000, 0x00000000e7a00000|  0%| F|  |TAMS 0x00000000e7900000| PB 0x00000000e7900000| Untracked |  0
| 122|0x00000000e7a00000, 0x00000000e7a00000, 0x00000000e7b00000|  0%| F|  |TAMS 0x00000000e7a00000| PB 0x00000000e7a00000| Untracked |  0
| 123|0x00000000e7b00000, 0x00000000e7b00000, 0x00000000e7c00000|  0%| F|  |TAMS 0x00000000e7b00000| PB 0x00000000e7b00000| Untracked |  0
| 124|0x00000000e7c00000, 0x00000000e7c00000, 0x00000000e7d00000|  0%| F|  |TAMS 0x00000000e7c00000| PB 0x00000000e7c00000| Untracked |  0
| 125|0x00000000e7d00000, 0x00000000e7d00000, 0x00000000e7e00000|  0%| F|  |TAMS 0x00000000e7d00000| PB 0x00000000e7d00000| Untracked |  0
| 126|0x00000000e7e00000, 0x00000000e7e00000, 0x00000000e7f00000|  0%| F|  |TAMS 0x00000000e7e00000| PB 0x00000000e7e00000| Untracked |  0
| 127|0x00000000e7f00000, 0x00000000e7f00000, 0x00000000e8000000|  0%| F|  |TAMS 0x00000000e7f00000| PB 0x00000000e7f00000| Untracked |  0
| 128|0x00000000e8000000, 0x00000000e8000000, 0x00000000e8100000|  0%| F|  |TAMS 0x00000000e8000000| PB 0x00000000e8000000| Untracked |  0
| 129|0x00000000e8100000, 0x00000000e8100000, 0x00000000e8200000|  0%| F|  |TAMS 0x00000000e8100000| PB 0x00000000e8100000| Untracked |  0
| 130|0x00000000e8200000, 0x00000000e8200000, 0x00000000e8300000|  0%| F|  |TAMS 0x00000000e8200000| PB 0x00000000e8200000| Untracked |  0
| 131|0x00000000e8300000, 0x00000000e8300000, 0x00000000e8400000|  0%| F|  |TAMS 0x00000000e8300000| PB 0x00000000e8300000| Untracked |  0
| 132|0x00000000e8400000, 0x00000000e8400000, 0x00000000e8500000|  0%| F|  |TAMS 0x00000000e8400000| PB 0x00000000e8400000| Untracked |  0
| 133|0x00000000e8500000, 0x00000000e8500000, 0x00000000e8600000|  0%| F|  |TAMS 0x00000000e8500000| PB 0x00000000e8500000| Untracked |  0
| 134|0x00000000e8600000, 0x00000000e8600000, 0x00000000e8700000|  0%| F|  |TAMS 0x00000000e8600000| PB 0x00000000e8600000| Untracked |  0
| 135|0x00000000e8700000, 0x00000000e8700000, 0x00000000e8800000|  0%| F|  |TAMS 0x00000000e8700000| PB 0x00000000e8700000| Untracked |  0
| 136|0x00000000e8800000, 0x00000000e8800000, 0x00000000e8900000|  0%| F|  |TAMS 0x00000000e8800000| PB 0x00000000e8800000| Untracked |  0
| 137|0x00000000e8900000, 0x00000000e8900000, 0x00000000e8a00000|  0%| F|  |TAMS 0x00000000e8900000| PB 0x00000000e8900000| Untracked |  0
| 138|0x00000000e8a00000, 0x00000000e8a00000, 0x00000000e8b00000|  0%| F|  |TAMS 0x00000000e8a00000| PB 0x00000000e8a00000| Untracked |  0
| 139|0x00000000e8b00000, 0x00000000e8b00000, 0x00000000e8c00000|  0%| F|  |TAMS 0x00000000e8b00000| PB 0x00000000e8b00000| Untracked |  0
| 140|0x00000000e8c00000, 0x00000000e8c00000, 0x00000000e8d00000|  0%| F|  |TAMS 0x00000000e8c00000| PB 0x00000000e8c00000| Untracked |  0
| 141|0x00000000e8d00000, 0x00000000e8d00000, 0x00000000e8e00000|  0%| F|  |TAMS 0x00000000e8d00000| PB 0x00000000e8d00000| Untracked |  0
| 142|0x00000000e8e00000, 0x00000000e8e00000, 0x00000000e8f00000|  0%| F|  |TAMS 0x00000000e8e00000| PB 0x00000000e8e00000| Untracked |  0
| 143|0x00000000e8f00000, 0x00000000e8f00000, 0x00000000e9000000|  0%| F|  |TAMS 0x00000000e8f00000| PB 0x00000000e8f00000| Untracked |  0
| 144|0x00000000e9000000, 0x00000000e9000000, 0x00000000e9100000|  0%| F|  |TAMS 0x00000000e9000000| PB 0x00000000e9000000| Untracked |  0
| 145|0x00000000e9100000, 0x00000000e9100000, 0x00000000e9200000|  0%| F|  |TAMS 0x00000000e9100000| PB 0x00000000e9100000| Untracked |  0
| 146|0x00000000e9200000, 0x00000000e9200000, 0x00000000e9300000|  0%| F|  |TAMS 0x00000000e9200000| PB 0x00000000e9200000| Untracked |  0
| 147|0x00000000e9300000, 0x00000000e9300000, 0x00000000e9400000|  0%| F|  |TAMS 0x00000000e9300000| PB 0x00000000e9300000| Untracked |  0
| 148|0x00000000e9400000, 0x00000000e9400000, 0x00000000e9500000|  0%| F|  |TAMS 0x00000000e9400000| PB 0x00000000e9400000| Untracked |  0
| 149|0x00000000e9500000, 0x00000000e9500000, 0x00000000e9600000|  0%| F|  |TAMS 0x00000000e9500000| PB 0x00000000e9500000| Untracked |  0
| 150|0x00000000e9600000, 0x00000000e9600000, 0x00000000e9700000|  0%| F|  |TAMS 0x00000000e9600000| PB 0x00000000e9600000| Untracked |  0
| 151|0x00000000e9700000, 0x00000000e9700000, 0x00000000e9800000|  0%| F|  |TAMS 0x00000000e9700000| PB 0x00000000e9700000| Untracked |  0
| 152|0x00000000e9800000, 0x00000000e9800000, 0x00000000e9900000|  0%| F|  |TAMS 0x00000000e9800000| PB 0x00000000e9800000| Untracked |  0
| 153|0x00000000e9900000, 0x00000000e9900000, 0x00000000e9a00000|  0%| F|  |TAMS 0x00000000e9900000| PB 0x00000000e9900000| Untracked |  0
| 154|0x00000000e9a00000, 0x00000000e9a00000, 0x00000000e9b00000|  0%| F|  |TAMS 0x00000000e9a00000| PB 0x00000000e9a00000| Untracked |  0
| 155|0x00000000e9b00000, 0x00000000e9b00000, 0x00000000e9c00000|  0%| F|  |TAMS 0x00000000e9b00000| PB 0x00000000e9b00000| Untracked |  0
| 156|0x00000000e9c00000, 0x00000000e9c00000, 0x00000000e9d00000|  0%| F|  |TAMS 0x00000000e9c00000| PB 0x00000000e9c00000| Untracked |  0
| 157|0x00000000e9d00000, 0x00000000e9d00000, 0x00000000e9e00000|  0%| F|  |TAMS 0x00000000e9d00000| PB 0x00000000e9d00000| Untracked |  0
| 158|0x00000000e9e00000, 0x00000000e9e00000, 0x00000000e9f00000|  0%| F|  |TAMS 0x00000000e9e00000| PB 0x00000000e9e00000| Untracked |  0
| 159|0x00000000e9f00000, 0x00000000e9f00000, 0x00000000ea000000|  0%| F|  |TAMS 0x00000000e9f00000| PB 0x00000000e9f00000| Untracked |  0
| 160|0x00000000ea000000, 0x00000000ea000000, 0x00000000ea100000|  0%| F|  |TAMS 0x00000000ea000000| PB 0x00000000ea000000| Untracked |  0
| 161|0x00000000ea100000, 0x00000000ea100000, 0x00000000ea200000|  0%| F|  |TAMS 0x00000000ea100000| PB 0x00000000ea100000| Untracked |  0
| 162|0x00000000ea200000, 0x00000000ea200000, 0x00000000ea300000|  0%| F|  |TAMS 0x00000000ea200000| PB 0x00000000ea200000| Untracked |  0
| 163|0x00000000ea300000, 0x00000000ea300000, 0x00000000ea400000|  0%| F|  |TAMS 0x00000000ea300000| PB 0x00000000ea300000| Untracked |  0
| 164|0x00000000ea400000, 0x00000000ea400000, 0x00000000ea500000|  0%| F|  |TAMS 0x00000000ea400000| PB 0x00000000ea400000| Untracked |  0
| 165|0x00000000ea500000, 0x00000000ea500000, 0x00000000ea600000|  0%| F|  |TAMS 0x00000000ea500000| PB 0x00000000ea500000| Untracked |  0
| 166|0x00000000ea600000, 0x00000000ea600000, 0x00000000ea700000|  0%| F|  |TAMS 0x00000000ea600000| PB 0x00000000ea600000| Untracked |  0
| 167|0x00000000ea700000, 0x00000000ea700000, 0x00000000ea800000|  0%| F|  |TAMS 0x00000000ea700000| PB 0x00000000ea700000| Untracked |  0
| 168|0x00000000ea800000, 0x00000000ea800000, 0x00000000ea900000|  0%| F|  |TAMS 0x00000000ea800000| PB 0x00000000ea800000| Untracked |  0
| 169|0x00000000ea900000, 0x00000000ea900000, 0x00000000eaa00000|  0%| F|  |TAMS 0x00000000ea900000| PB 0x00000000ea900000| Untracked |  0
| 170|0x00000000eaa00000, 0x00000000eaa00000, 0x00000000eab00000|  0%| F|  |TAMS 0x00000000eaa00000| PB 0x00000000eaa00000| Untracked |  0
| 171|0x00000000eab00000, 0x00000000eab00000, 0x00000000eac00000|  0%| F|  |TAMS 0x00000000eab00000| PB 0x00000000eab00000| Untracked |  0
| 172|0x00000000eac00000, 0x00000000eac00000, 0x00000000ead00000|  0%| F|  |TAMS 0x00000000eac00000| PB 0x00000000eac00000| Untracked |  0
| 173|0x00000000ead00000, 0x00000000ead00000, 0x00000000eae00000|  0%| F|  |TAMS 0x00000000ead00000| PB 0x00000000ead00000| Untracked |  0
| 174|0x00000000eae00000, 0x00000000eae00000, 0x00000000eaf00000|  0%| F|  |TAMS 0x00000000eae00000| PB 0x00000000eae00000| Untracked |  0
| 175|0x00000000eaf00000, 0x00000000eaf00000, 0x00000000eb000000|  0%| F|  |TAMS 0x00000000eaf00000| PB 0x00000000eaf00000| Untracked |  0
| 176|0x00000000eb000000, 0x00000000eb000000, 0x00000000eb100000|  0%| F|  |TAMS 0x00000000eb000000| PB 0x00000000eb000000| Untracked |  0
| 177|0x00000000eb100000, 0x00000000eb100000, 0x00000000eb200000|  0%| F|  |TAMS 0x00000000eb100000| PB 0x00000000eb100000| Untracked |  0
| 178|0x00000000eb200000, 0x00000000eb200000, 0x00000000eb300000|  0%| F|  |TAMS 0x00000000eb200000| PB 0x00000000eb200000| Untracked |  0
| 179|0x00000000eb300000, 0x00000000eb300000, 0x00000000eb400000|  0%| F|  |TAMS 0x00000000eb300000| PB 0x00000000eb300000| Untracked |  0
| 180|0x00000000eb400000, 0x00000000eb400000, 0x00000000eb500000|  0%| F|  |TAMS 0x00000000eb400000| PB 0x00000000eb400000| Untracked |  0
| 181|0x00000000eb500000, 0x00000000eb500000, 0x00000000eb600000|  0%| F|  |TAMS 0x00000000eb500000| PB 0x00000000eb500000| Untracked |  0
| 182|0x00000000eb600000, 0x00000000eb600000, 0x00000000eb700000|  0%| F|  |TAMS 0x00000000eb600000| PB 0x00000000eb600000| Untracked |  0
| 183|0x00000000eb700000, 0x00000000eb700000, 0x00000000eb800000|  0%| F|  |TAMS 0x00000000eb700000| PB 0x00000000eb700000| Untracked |  0
| 184|0x00000000eb800000, 0x00000000eb800000, 0x00000000eb900000|  0%| F|  |TAMS 0x00000000eb800000| PB 0x00000000eb800000| Untracked |  0
| 185|0x00000000eb900000, 0x00000000eb900000, 0x00000000eba00000|  0%| F|  |TAMS 0x00000000eb900000| PB 0x00000000eb900000| Untracked |  0
| 186|0x00000000eba00000, 0x00000000eba00000, 0x00000000ebb00000|  0%| F|  |TAMS 0x00000000eba00000| PB 0x00000000eba00000| Untracked |  0
| 187|0x00000000ebb00000, 0x00000000ebb00000, 0x00000000ebc00000|  0%| F|  |TAMS 0x00000000ebb00000| PB 0x00000000ebb00000| Untracked |  0
| 188|0x00000000ebc00000, 0x00000000ebc00000, 0x00000000ebd00000|  0%| F|  |TAMS 0x00000000ebc00000| PB 0x00000000ebc00000| Untracked |  0
| 189|0x00000000ebd00000, 0x00000000ebd00000, 0x00000000ebe00000|  0%| F|  |TAMS 0x00000000ebd00000| PB 0x00000000ebd00000| Untracked |  0
| 190|0x00000000ebe00000, 0x00000000ebe00000, 0x00000000ebf00000|  0%| F|  |TAMS 0x00000000ebe00000| PB 0x00000000ebe00000| Untracked |  0
| 191|0x00000000ebf00000, 0x00000000ebf00000, 0x00000000ec000000|  0%| F|  |TAMS 0x00000000ebf00000| PB 0x00000000ebf00000| Untracked |  0
| 192|0x00000000ec000000, 0x00000000ec000000, 0x00000000ec100000|  0%| F|  |TAMS 0x00000000ec000000| PB 0x00000000ec000000| Untracked |  0
| 193|0x00000000ec100000, 0x00000000ec100000, 0x00000000ec200000|  0%| F|  |TAMS 0x00000000ec100000| PB 0x00000000ec100000| Untracked |  0
| 194|0x00000000ec200000, 0x00000000ec200000, 0x00000000ec300000|  0%| F|  |TAMS 0x00000000ec200000| PB 0x00000000ec200000| Untracked |  0
| 195|0x00000000ec300000, 0x00000000ec300000, 0x00000000ec400000|  0%| F|  |TAMS 0x00000000ec300000| PB 0x00000000ec300000| Untracked |  0
| 196|0x00000000ec400000, 0x00000000ec400000, 0x00000000ec500000|  0%| F|  |TAMS 0x00000000ec400000| PB 0x00000000ec400000| Untracked |  0
| 197|0x00000000ec500000, 0x00000000ec500000, 0x00000000ec600000|  0%| F|  |TAMS 0x00000000ec500000| PB 0x00000000ec500000| Untracked |  0
| 198|0x00000000ec600000, 0x00000000ec600000, 0x00000000ec700000|  0%| F|  |TAMS 0x00000000ec600000| PB 0x00000000ec600000| Untracked |  0
| 199|0x00000000ec700000, 0x00000000ec700000, 0x00000000ec800000|  0%| F|  |TAMS 0x00000000ec700000| PB 0x00000000ec700000| Untracked |  0
| 200|0x00000000ec800000, 0x00000000ec800000, 0x00000000ec900000|  0%| F|  |TAMS 0x00000000ec800000| PB 0x00000000ec800000| Untracked |  0
| 201|0x00000000ec900000, 0x00000000ec900000, 0x00000000eca00000|  0%| F|  |TAMS 0x00000000ec900000| PB 0x00000000ec900000| Untracked |  0
| 202|0x00000000eca00000, 0x00000000eca00000, 0x00000000ecb00000|  0%| F|  |TAMS 0x00000000eca00000| PB 0x00000000eca00000| Untracked |  0
| 203|0x00000000ecb00000, 0x00000000ecb00000, 0x00000000ecc00000|  0%| F|  |TAMS 0x00000000ecb00000| PB 0x00000000ecb00000| Untracked |  0
| 204|0x00000000ecc00000, 0x00000000ecc00000, 0x00000000ecd00000|  0%| F|  |TAMS 0x00000000ecc00000| PB 0x00000000ecc00000| Untracked |  0
| 205|0x00000000ecd00000, 0x00000000ecd00000, 0x00000000ece00000|  0%| F|  |TAMS 0x00000000ecd00000| PB 0x00000000ecd00000| Untracked |  0
| 206|0x00000000ece00000, 0x00000000ece00000, 0x00000000ecf00000|  0%| F|  |TAMS 0x00000000ece00000| PB 0x00000000ece00000| Untracked |  0
| 207|0x00000000ecf00000, 0x00000000ecf00000, 0x00000000ed000000|  0%| F|  |TAMS 0x00000000ecf00000| PB 0x00000000ecf00000| Untracked |  0
| 208|0x00000000ed000000, 0x00000000ed000000, 0x00000000ed100000|  0%| F|  |TAMS 0x00000000ed000000| PB 0x00000000ed000000| Untracked |  0
| 209|0x00000000ed100000, 0x00000000ed100000, 0x00000000ed200000|  0%| F|  |TAMS 0x00000000ed100000| PB 0x00000000ed100000| Untracked |  0
| 210|0x00000000ed200000, 0x00000000ed200000, 0x00000000ed300000|  0%| F|  |TAMS 0x00000000ed200000| PB 0x00000000ed200000| Untracked |  0
| 211|0x00000000ed300000, 0x00000000ed300000, 0x00000000ed400000|  0%| F|  |TAMS 0x00000000ed300000| PB 0x00000000ed300000| Untracked |  0
| 212|0x00000000ed400000, 0x00000000ed400000, 0x00000000ed500000|  0%| F|  |TAMS 0x00000000ed400000| PB 0x00000000ed400000| Untracked |  0
| 213|0x00000000ed500000, 0x00000000ed500000, 0x00000000ed600000|  0%| F|  |TAMS 0x00000000ed500000| PB 0x00000000ed500000| Untracked |  0
| 214|0x00000000ed600000, 0x00000000ed600000, 0x00000000ed700000|  0%| F|  |TAMS 0x00000000ed600000| PB 0x00000000ed600000| Untracked |  0
| 215|0x00000000ed700000, 0x00000000ed700000, 0x00000000ed800000|  0%| F|  |TAMS 0x00000000ed700000| PB 0x00000000ed700000| Untracked |  0
| 216|0x00000000ed800000, 0x00000000ed800000, 0x00000000ed900000|  0%| F|  |TAMS 0x00000000ed800000| PB 0x00000000ed800000| Untracked |  0
| 217|0x00000000ed900000, 0x00000000ed980000, 0x00000000eda00000| 50%| E|  |TAMS 0x00000000ed900000| PB 0x00000000ed900000| Complete |  0
| 218|0x00000000eda00000, 0x00000000edb00000, 0x00000000edb00000|100%| E|CS|TAMS 0x00000000eda00000| PB 0x00000000eda00000| Complete |  0
| 219|0x00000000edb00000, 0x00000000edc00000, 0x00000000edc00000|100%| E|CS|TAMS 0x00000000edb00000| PB 0x00000000edb00000| Complete |  0
| 220|0x00000000edc00000, 0x00000000edd00000, 0x00000000edd00000|100%| E|CS|TAMS 0x00000000edc00000| PB 0x00000000edc00000| Complete |  0
| 221|0x00000000edd00000, 0x00000000ede00000, 0x00000000ede00000|100%| E|CS|TAMS 0x00000000edd00000| PB 0x00000000edd00000| Complete |  0
| 222|0x00000000ede00000, 0x00000000edf00000, 0x00000000edf00000|100%| E|CS|TAMS 0x00000000ede00000| PB 0x00000000ede00000| Complete |  0
| 223|0x00000000edf00000, 0x00000000ee000000, 0x00000000ee000000|100%| E|CS|TAMS 0x00000000edf00000| PB 0x00000000edf00000| Complete |  0
| 224|0x00000000ee000000, 0x00000000ee100000, 0x00000000ee100000|100%| E|CS|TAMS 0x00000000ee000000| PB 0x00000000ee000000| Complete |  0
| 225|0x00000000ee100000, 0x00000000ee200000, 0x00000000ee200000|100%| E|CS|TAMS 0x00000000ee100000| PB 0x00000000ee100000| Complete |  0
| 226|0x00000000ee200000, 0x00000000ee300000, 0x00000000ee300000|100%| E|CS|TAMS 0x00000000ee200000| PB 0x00000000ee200000| Complete |  0
| 227|0x00000000ee300000, 0x00000000ee400000, 0x00000000ee400000|100%| E|CS|TAMS 0x00000000ee300000| PB 0x00000000ee300000| Complete |  0
| 228|0x00000000ee400000, 0x00000000ee500000, 0x00000000ee500000|100%| E|CS|TAMS 0x00000000ee400000| PB 0x00000000ee400000| Complete |  0
| 229|0x00000000ee500000, 0x00000000ee600000, 0x00000000ee600000|100%| E|CS|TAMS 0x00000000ee500000| PB 0x00000000ee500000| Complete |  0
| 230|0x00000000ee600000, 0x00000000ee700000, 0x00000000ee700000|100%| E|CS|TAMS 0x00000000ee600000| PB 0x00000000ee600000| Complete |  0
| 231|0x00000000ee700000, 0x00000000ee800000, 0x00000000ee800000|100%| E|CS|TAMS 0x00000000ee700000| PB 0x00000000ee700000| Complete |  0
| 232|0x00000000ee800000, 0x00000000ee900000, 0x00000000ee900000|100%| E|CS|TAMS 0x00000000ee800000| PB 0x00000000ee800000| Complete |  0
| 233|0x00000000ee900000, 0x00000000eea00000, 0x00000000eea00000|100%| E|CS|TAMS 0x00000000ee900000| PB 0x00000000ee900000| Complete |  0
| 234|0x00000000eea00000, 0x00000000eeb00000, 0x00000000eeb00000|100%| E|CS|TAMS 0x00000000eea00000| PB 0x00000000eea00000| Complete |  0
| 235|0x00000000eeb00000, 0x00000000eec00000, 0x00000000eec00000|100%| E|CS|TAMS 0x00000000eeb00000| PB 0x00000000eeb00000| Complete |  0
| 236|0x00000000eec00000, 0x00000000eed00000, 0x00000000eed00000|100%| E|CS|TAMS 0x00000000eec00000| PB 0x00000000eec00000| Complete |  0
| 237|0x00000000eed00000, 0x00000000eee00000, 0x00000000eee00000|100%| E|CS|TAMS 0x00000000eed00000| PB 0x00000000eed00000| Complete |  0
| 238|0x00000000eee00000, 0x00000000eef00000, 0x00000000eef00000|100%| E|CS|TAMS 0x00000000eee00000| PB 0x00000000eee00000| Complete |  0
| 239|0x00000000eef00000, 0x00000000ef000000, 0x00000000ef000000|100%| E|CS|TAMS 0x00000000eef00000| PB 0x00000000eef00000| Complete |  0
| 240|0x00000000ef000000, 0x00000000ef100000, 0x00000000ef100000|100%| E|CS|TAMS 0x00000000ef000000| PB 0x00000000ef000000| Complete |  0
| 241|0x00000000ef100000, 0x00000000ef200000, 0x00000000ef200000|100%| E|CS|TAMS 0x00000000ef100000| PB 0x00000000ef100000| Complete |  0
| 242|0x00000000ef200000, 0x00000000ef300000, 0x00000000ef300000|100%| E|CS|TAMS 0x00000000ef200000| PB 0x00000000ef200000| Complete |  0
| 243|0x00000000ef300000, 0x00000000ef400000, 0x00000000ef400000|100%| E|CS|TAMS 0x00000000ef300000| PB 0x00000000ef300000| Complete |  0
| 244|0x00000000ef400000, 0x00000000ef500000, 0x00000000ef500000|100%| E|CS|TAMS 0x00000000ef400000| PB 0x00000000ef400000| Complete |  0
| 245|0x00000000ef500000, 0x00000000ef600000, 0x00000000ef600000|100%| E|CS|TAMS 0x00000000ef500000| PB 0x00000000ef500000| Complete |  0
| 246|0x00000000ef600000, 0x00000000ef700000, 0x00000000ef700000|100%| E|CS|TAMS 0x00000000ef600000| PB 0x00000000ef600000| Complete |  0
| 247|0x00000000ef700000, 0x00000000ef800000, 0x00000000ef800000|100%| E|CS|TAMS 0x00000000ef700000| PB 0x00000000ef700000| Complete |  0
| 248|0x00000000ef800000, 0x00000000ef900000, 0x00000000ef900000|100%| E|CS|TAMS 0x00000000ef800000| PB 0x00000000ef800000| Complete |  0
| 249|0x00000000ef900000, 0x00000000efa00000, 0x00000000efa00000|100%| E|CS|TAMS 0x00000000ef900000| PB 0x00000000ef900000| Complete |  0
| 250|0x00000000efa00000, 0x00000000efb00000, 0x00000000efb00000|100%| E|CS|TAMS 0x00000000efa00000| PB 0x00000000efa00000| Complete |  0
| 251|0x00000000efb00000, 0x00000000efc00000, 0x00000000efc00000|100%| E|CS|TAMS 0x00000000efb00000| PB 0x00000000efb00000| Complete |  0
| 252|0x00000000efc00000, 0x00000000efcbfa60, 0x00000000efd00000| 74%| S|CS|TAMS 0x00000000efc00000| PB 0x00000000efc00000| Complete |  0
| 253|0x00000000efd00000, 0x00000000efe00000, 0x00000000efe00000|100%| E|CS|TAMS 0x00000000efd00000| PB 0x00000000efd00000| Complete |  0
| 254|0x00000000efe00000, 0x00000000eff00000, 0x00000000eff00000|100%| E|CS|TAMS 0x00000000efe00000| PB 0x00000000efe00000| Complete |  0
| 255|0x00000000eff00000, 0x00000000f0000000, 0x00000000f0000000|100%| E|CS|TAMS 0x00000000eff00000| PB 0x00000000eff00000| Complete |  0

Card table byte_map: [0x00000259aa750000,0x00000259aa850000] _byte_map_base: 0x00000259aa050000

Marking Bits: (CMBitMap*) 0x0000025992f46e10
 Bits: [0x00000259aa850000, 0x00000259ab050000)

Polling page: 0x00000259926b0000

Metaspace:

Usage:
  Non-class:     32.91 MB used.
      Class:      5.64 MB used.
       Both:     38.55 MB used.

Virtual space:
  Non-class space:       64.00 MB reserved,      33.69 MB ( 53%) committed,  1 nodes.
      Class space:      320.00 MB reserved,       6.31 MB (  2%) committed,  1 nodes.
             Both:      384.00 MB reserved,      40.00 MB ( 10%) committed. 

Chunk freelists:
   Non-Class:  14.14 MB
       Class:  9.64 MB
        Both:  23.78 MB

MaxMetaspaceSize: 384.00 MB
CompressedClassSpaceSize: 320.00 MB
Initial GC threshold: 21.00 MB
Current GC threshold: 59.69 MB
CDS: on
 - commit_granule_bytes: 65536.
 - commit_granule_words: 8192.
 - virtual_space_node_default_size: 8388608.
 - enlarge_chunks_in_place: 1.
 - use_allocation_guard: 0.


Internal statistics:

num_allocs_failed_limit: 12.
num_arena_births: 2508.
num_arena_deaths: 0.
num_vsnodes_births: 2.
num_vsnodes_deaths: 0.
num_space_committed: 640.
num_space_uncommitted: 0.
num_chunks_returned_to_freelist: 12.
num_chunks_taken_from_freelist: 4238.
num_chunk_merges: 12.
num_chunk_splits: 2759.
num_chunks_enlarged: 1693.
num_inconsistent_stats: 0.

CodeHeap 'non-profiled nmethods': size=120064Kb used=2064Kb max_used=2164Kb free=117999Kb
 bounds [0x00000259a3110000, 0x00000259a3380000, 0x00000259aa650000]
CodeHeap 'profiled nmethods': size=120000Kb used=6876Kb max_used=7369Kb free=113123Kb
 bounds [0x000002599b650000, 0x000002599bd90000, 0x00000259a2b80000]
CodeHeap 'non-nmethods': size=5696Kb used=2683Kb max_used=2706Kb free=3012Kb
 bounds [0x00000259a2b80000, 0x00000259a2e30000, 0x00000259a3110000]
CodeCache: size=245760Kb, used=11623Kb, max_used=12239Kb, free=234134Kb
 total_blobs=5414, nmethods=4565, adapters=754, full_count=0
Compilation: enabled, stopped_count=0, restarted_count=0

Compilation events (20 events):
Event: 112.042 Thread 0x00000259ad676100 nmethod 5100 0x00000259a313fc88 code [0x00000259a313fda0, 0x00000259a313ff90]
Event: 112.069 Thread 0x00000259ad6ead90 5101       3       java.lang.invoke.MethodHandleImpl$IntrinsicMethodHandle::<init> (25 bytes)
Event: 112.070 Thread 0x00000259ad6ead90 nmethod 5101 0x000002599b68b788 code [0x000002599b68b8e0, 0x000002599b68bee8]
Event: 112.132 Thread 0x00000259ad676100 5102       4       sun.invoke.util.VerifyAccess::isSamePackage (37 bytes)
Event: 112.149 Thread 0x00000259ad6ead90 5104       3       sun.reflect.generics.parser.SignatureParser::parseZeroOrMoreTypeSignatures (174 bytes)
Event: 112.150 Thread 0x00000259ad6ead90 nmethod 5104 0x000002599b770508 code [0x000002599b7706e0, 0x000002599b771368]
Event: 112.150 Thread 0x00000259ad6ead90 5103       3       sun.reflect.generics.parser.SignatureParser::parseFormalParameters (49 bytes)
Event: 112.150 Thread 0x00000259ad6ead90 nmethod 5103 0x000002599b69d288 code [0x000002599b69d400, 0x000002599b69d708]
Event: 112.150 Thread 0x00000259ad6ead90 5105       3       org.gradle.internal.instantiation.generator.AbstractClassGenerator$DslMixInPropertyType::visitProperty (33 bytes)
Event: 112.151 Thread 0x00000259ad6ead90 nmethod 5105 0x000002599b692488 code [0x000002599b692660, 0x000002599b693000]
Event: 112.152 Thread 0x00000259ad6ead90 5106       3       org.objectweb.asm.SymbolTable$Entry::<init> (17 bytes)
Event: 112.152 Thread 0x00000259ad6ead90 nmethod 5106 0x000002599baa5188 code [0x000002599baa52c0, 0x000002599baa5440]
Event: 112.152 Thread 0x00000259ad6ead90 5107       3       org.gradle.internal.instantiation.generator.AsmBackedClassGenerator$ClassBuilderImpl::access$2600 (4 bytes)
Event: 112.153 Thread 0x00000259ad6ead90 nmethod 5107 0x000002599bb13288 code [0x000002599bb133a0, 0x000002599bb13498]
Event: 112.162 Thread 0x00000259ad6ead90 5108       1       org.gradle.internal.instantiation.generator.AsmBackedClassGenerator$ClassBuilderImpl::access$3900 (5 bytes)
Event: 112.162 Thread 0x00000259ad6ead90 nmethod 5108 0x00000259a313f988 code [0x00000259a313faa0, 0x00000259a313fb50]
Event: 112.162 Thread 0x00000259ad6ead90 5109       3       org.gradle.model.internal.asm.MethodVisitorScope::_INVOKESPECIAL (13 bytes)
Event: 112.162 Thread 0x00000259ad6ead90 nmethod 5109 0x000002599b68b188 code [0x000002599b68b2c0, 0x000002599b68b568]
Event: 112.900 Thread 0x00000259ad6ead90 5110  s    1       java.net.DatagramPacket::getPort (5 bytes)
Event: 112.901 Thread 0x00000259ad6ead90 nmethod 5110 0x00000259a313f608 code [0x00000259a313f720, 0x00000259a313f948]

GC Heap History (20 events):
Event: 15.601 GC heap before
{Heap before GC invocations=0 (full 0):
 garbage-first heap   total reserved 524288K, committed 262144K, used 13312K [0x00000000e0000000, 0x0000000100000000)
  region size 1024K, 14 young (14336K), 0 survivors (0K)
 Metaspace       used 835K, committed 1024K, reserved 393216K
  class space    used 69K, committed 128K, reserved 327680K
}
Event: 16.044 GC heap after
{Heap after GC invocations=1 (full 0):
 garbage-first heap   total reserved 524288K, committed 262144K, used 1280K [0x00000000e0000000, 0x0000000100000000)
  region size 1024K, 2 young (2048K), 2 survivors (2048K)
 Metaspace       used 835K, committed 1024K, reserved 393216K
  class space    used 69K, committed 128K, reserved 327680K
}
Event: 24.715 GC heap before
{Heap before GC invocations=1 (full 0):
 garbage-first heap   total reserved 524288K, committed 262144K, used 16640K [0x00000000e0000000, 0x0000000100000000)
  region size 1024K, 15 young (15360K), 2 survivors (2048K)
 Metaspace       used 1493K, committed 1664K, reserved 393216K
  class space    used 130K, committed 192K, reserved 327680K
}
Event: 24.786 GC heap after
{Heap after GC invocations=2 (full 0):
 garbage-first heap   total reserved 524288K, committed 262144K, used 9699K [0x00000000e0000000, 0x0000000100000000)
  region size 1024K, 2 young (2048K), 2 survivors (2048K)
 Metaspace       used 1493K, committed 1664K, reserved 393216K
  class space    used 130K, committed 192K, reserved 327680K
}
Event: 31.468 GC heap before
{Heap before GC invocations=2 (full 0):
 garbage-first heap   total reserved 524288K, committed 262144K, used 37347K [0x00000000e0000000, 0x0000000100000000)
  region size 1024K, 29 young (29696K), 2 survivors (2048K)
 Metaspace       used 4704K, committed 4928K, reserved 393216K
  class space    used 602K, committed 704K, reserved 327680K
}
Event: 31.475 GC heap after
{Heap after GC invocations=3 (full 0):
 garbage-first heap   total reserved 524288K, committed 262144K, used 11187K [0x00000000e0000000, 0x0000000100000000)
  region size 1024K, 4 young (4096K), 4 survivors (4096K)
 Metaspace       used 4704K, committed 4928K, reserved 393216K
  class space    used 602K, committed 704K, reserved 327680K
}
Event: 38.921 GC heap before
{Heap before GC invocations=3 (full 0):
 garbage-first heap   total reserved 524288K, committed 262144K, used 44979K [0x00000000e0000000, 0x0000000100000000)
  region size 1024K, 36 young (36864K), 4 survivors (4096K)
 Metaspace       used 4754K, committed 4992K, reserved 393216K
  class space    used 603K, committed 704K, reserved 327680K
}
Event: 38.929 GC heap after
{Heap after GC invocations=4 (full 0):
 garbage-first heap   total reserved 524288K, committed 262144K, used 15919K [0x00000000e0000000, 0x0000000100000000)
  region size 1024K, 5 young (5120K), 5 survivors (5120K)
 Metaspace       used 4754K, committed 4992K, reserved 393216K
  class space    used 603K, committed 704K, reserved 327680K
}
Event: 53.681 GC heap before
{Heap before GC invocations=4 (full 0):
 garbage-first heap   total reserved 524288K, committed 262144K, used 61999K [0x00000000e0000000, 0x0000000100000000)
  region size 1024K, 50 young (51200K), 5 survivors (5120K)
 Metaspace       used 13191K, committed 13568K, reserved 393216K
  class space    used 1791K, committed 1984K, reserved 327680K
}
Event: 53.696 GC heap after
{Heap after GC invocations=5 (full 0):
 garbage-first heap   total reserved 524288K, committed 262144K, used 20248K [0x00000000e0000000, 0x0000000100000000)
  region size 1024K, 7 young (7168K), 7 survivors (7168K)
 Metaspace       used 13191K, committed 13568K, reserved 393216K
  class space    used 1791K, committed 1984K, reserved 327680K
}
Event: 71.115 GC heap before
{Heap before GC invocations=5 (full 0):
 garbage-first heap   total reserved 524288K, committed 262144K, used 73496K [0x00000000e0000000, 0x0000000100000000)
  region size 1024K, 59 young (60416K), 7 survivors (7168K)
 Metaspace       used 20566K, committed 21184K, reserved 393216K
  class space    used 3055K, committed 3328K, reserved 327680K
}
Event: 71.131 GC heap after
{Heap after GC invocations=6 (full 0):
 garbage-first heap   total reserved 524288K, committed 262144K, used 24329K [0x00000000e0000000, 0x0000000100000000)
  region size 1024K, 8 young (8192K), 8 survivors (8192K)
 Metaspace       used 20566K, committed 21184K, reserved 393216K
  class space    used 3055K, committed 3328K, reserved 327680K
}
Event: 72.275 GC heap before
{Heap before GC invocations=6 (full 0):
 garbage-first heap   total reserved 524288K, committed 262144K, used 26377K [0x00000000e0000000, 0x0000000100000000)
  region size 1024K, 11 young (11264K), 8 survivors (8192K)
 Metaspace       used 20894K, committed 21504K, reserved 393216K
  class space    used 3097K, committed 3392K, reserved 327680K
}
Event: 72.287 GC heap after
{Heap after GC invocations=7 (full 0):
 garbage-first heap   total reserved 524288K, committed 262144K, used 24648K [0x00000000e0000000, 0x0000000100000000)
  region size 1024K, 4 young (4096K), 4 survivors (4096K)
 Metaspace       used 20894K, committed 21504K, reserved 393216K
  class space    used 3097K, committed 3392K, reserved 327680K
}
Event: 101.532 GC heap before
{Heap before GC invocations=8 (full 0):
 garbage-first heap   total reserved 524288K, committed 262144K, used 139336K [0x00000000e0000000, 0x0000000100000000)
  region size 1024K, 112 young (114688K), 4 survivors (4096K)
 Metaspace       used 34881K, committed 35968K, reserved 393216K
  class space    used 4975K, committed 5504K, reserved 327680K
}
Event: 101.575 GC heap after
{Heap after GC invocations=9 (full 0):
 garbage-first heap   total reserved 524288K, committed 262144K, used 33354K [0x00000000e0000000, 0x0000000100000000)
  region size 1024K, 13 young (13312K), 13 survivors (13312K)
 Metaspace       used 34881K, committed 35968K, reserved 393216K
  class space    used 4975K, committed 5504K, reserved 327680K
}
Event: 102.089 GC heap before
{Heap before GC invocations=9 (full 0):
 garbage-first heap   total reserved 524288K, committed 262144K, used 36426K [0x00000000e0000000, 0x0000000100000000)
  region size 1024K, 17 young (17408K), 13 survivors (13312K)
 Metaspace       used 35206K, committed 36288K, reserved 393216K
  class space    used 5032K, committed 5568K, reserved 327680K
}
Event: 102.111 GC heap after
{Heap after GC invocations=10 (full 0):
 garbage-first heap   total reserved 524288K, committed 262144K, used 33797K [0x00000000e0000000, 0x0000000100000000)
  region size 1024K, 2 young (2048K), 2 survivors (2048K)
 Metaspace       used 35206K, committed 36288K, reserved 393216K
  class space    used 5032K, committed 5568K, reserved 327680K
}
Event: 102.301 GC heap before
{Heap before GC invocations=10 (full 0):
 garbage-first heap   total reserved 524288K, committed 262144K, used 35845K [0x00000000e0000000, 0x0000000100000000)
  region size 1024K, 5 young (5120K), 2 survivors (2048K)
 Metaspace       used 35494K, committed 36608K, reserved 393216K
  class space    used 5071K, committed 5632K, reserved 327680K
}
Event: 102.305 GC heap after
{Heap after GC invocations=11 (full 0):
 garbage-first heap   total reserved 524288K, committed 262144K, used 32587K [0x00000000e0000000, 0x0000000100000000)
  region size 1024K, 1 young (1024K), 1 survivors (1024K)
 Metaspace       used 35494K, committed 36608K, reserved 393216K
  class space    used 5071K, committed 5632K, reserved 327680K
}

Dll operation events (15 events):
Event: 0.065 Loaded shared library D:\chrome\jdk-23.0.1\bin\java.dll
Event: 1.813 Loaded shared library D:\chrome\jdk-23.0.1\bin\jsvml.dll
Event: 2.431 Loaded shared library D:\chrome\jdk-23.0.1\bin\zip.dll
Event: 2.458 Loaded shared library D:\chrome\jdk-23.0.1\bin\instrument.dll
Event: 2.467 Loaded shared library D:\chrome\jdk-23.0.1\bin\net.dll
Event: 2.474 Loaded shared library D:\chrome\jdk-23.0.1\bin\nio.dll
Event: 2.497 Loaded shared library D:\chrome\jdk-23.0.1\bin\zip.dll
Event: 16.663 Loaded shared library D:\chrome\jdk-23.0.1\bin\jimage.dll
Event: 22.837 Loaded shared library D:\chrome\jdk-23.0.1\bin\verify.dll
Event: 25.045 Loaded shared library C:\Users\HP\.gradle\native\1def1411415f61bf3af743bc5b6707747c0891f09f0c88961ee8f79bc544acac\windows-amd64\native-platform.dll
Event: 25.215 Loaded shared library C:\Users\HP\.gradle\native\0.2.6\x86_64-windows-gnu\gradle-fileevents.dll
Event: 41.638 Loaded shared library D:\chrome\jdk-23.0.1\bin\management.dll
Event: 41.740 Loaded shared library D:\chrome\jdk-23.0.1\bin\management_ext.dll
Event: 46.142 Loaded shared library D:\chrome\jdk-23.0.1\bin\extnet.dll
Event: 50.117 Loaded shared library D:\chrome\jdk-23.0.1\bin\sunmscapi.dll

Deoptimization events (20 events):
Event: 110.365 Thread 0x00000259c802b6d0 DEOPT PACKING pc=0x000002599bb28716 sp=0x0000008ae65f7eb0
Event: 110.365 Thread 0x00000259c802b6d0 DEOPT UNPACKING pc=0x00000259a2bd4b22 sp=0x0000008ae65f7320 mode 0
Event: 110.521 Thread 0x00000259c802b6d0 DEOPT PACKING pc=0x000002599b959d4a sp=0x0000008ae65f81b0
Event: 110.521 Thread 0x00000259c802b6d0 DEOPT UNPACKING pc=0x00000259a2bd4b22 sp=0x0000008ae65f7650 mode 0
Event: 111.199 Thread 0x00000259c802b6d0 Uncommon trap: trap_request=0xffffff45 fr.pc=0x00000259a320a06c relative=0x0000000000000a2c
Event: 111.199 Thread 0x00000259c802b6d0 Uncommon trap: reason=unstable_if action=reinterpret pc=0x00000259a320a06c method=org.objectweb.asm.Frame.push(I)V @ 26 c2
Event: 111.199 Thread 0x00000259c802b6d0 DEOPT PACKING pc=0x00000259a320a06c sp=0x0000008ae65f7ce0
Event: 111.199 Thread 0x00000259c802b6d0 DEOPT UNPACKING pc=0x00000259a2bd4402 sp=0x0000008ae65f7be8 mode 2
Event: 111.436 Thread 0x00000259c802b6d0 Uncommon trap: trap_request=0xffffffdc fr.pc=0x00000259a3180250 relative=0x0000000000000310
Event: 111.436 Thread 0x00000259c802b6d0 Uncommon trap: reason=class_check action=make_not_entrant pc=0x00000259a3180250 method=java.util.ArrayList$SubList.toArray([Ljava/lang/Object;)[Ljava/lang/Object; @ 37 c2
Event: 111.436 Thread 0x00000259c802b6d0 DEOPT PACKING pc=0x00000259a3180250 sp=0x0000008ae65f6110
Event: 111.436 Thread 0x00000259c802b6d0 DEOPT UNPACKING pc=0x00000259a2bd4402 sp=0x0000008ae65f60d8 mode 2
Event: 111.436 Thread 0x00000259c802b6d0 Uncommon trap: trap_request=0xffffffcc fr.pc=0x00000259a31a3ec0 relative=0x0000000000000280
Event: 111.436 Thread 0x00000259c802b6d0 Uncommon trap: reason=intrinsic_or_type_checked_inlining action=make_not_entrant pc=0x00000259a31a3ec0 method=java.util.Arrays.copyOfRange([Ljava/lang/Object;IILjava/lang/Class;)[Ljava/lang/Object; @ 84 c2
Event: 111.436 Thread 0x00000259c802b6d0 DEOPT PACKING pc=0x00000259a31a3ec0 sp=0x0000008ae65f60a0
Event: 111.436 Thread 0x00000259c802b6d0 DEOPT UNPACKING pc=0x00000259a2bd4402 sp=0x0000008ae65f6040 mode 2
Event: 111.470 Thread 0x00000259c802b6d0 Uncommon trap: trap_request=0xffffff3d fr.pc=0x00000259a3155dd0 relative=0x0000000000000e30
Event: 111.470 Thread 0x00000259c802b6d0 Uncommon trap: reason=unstable_fused_if action=reinterpret pc=0x00000259a3155dd0 method=org.objectweb.asm.ByteVector.putUTF8(Ljava/lang/String;)Lorg/objectweb/asm/ByteVector; @ 93 c2
Event: 111.470 Thread 0x00000259c802b6d0 DEOPT PACKING pc=0x00000259a3155dd0 sp=0x0000008ae65f7230
Event: 111.470 Thread 0x00000259c802b6d0 DEOPT UNPACKING pc=0x00000259a2bd4402 sp=0x0000008ae65f7188 mode 2

Classes loaded (20 events):
Event: 106.296 Loading class jdk/internal/reflect/MethodHandleIntegerFieldAccessorImpl
Event: 106.305 Loading class jdk/internal/reflect/MethodHandleIntegerFieldAccessorImpl done
Event: 110.289 Loading class java/lang/invoke/BoundMethodHandle$Species_LLLLLLLLLLLLLLLLLLLLLLLLL
Event: 110.322 Loading class java/lang/invoke/BoundMethodHandle$Species_LLLLLLLLLLLLLLLLLLLLLLLLL done
Event: 110.347 Loading class java/lang/invoke/BoundMethodHandle$Species_LLLLLLLLLLLLLLLLLLLLLLLLLL
Event: 110.347 Loading class java/lang/invoke/BoundMethodHandle$Species_LLLLLLLLLLLLLLLLLLLLLLLLLL done
Event: 110.353 Loading class java/lang/invoke/BoundMethodHandle$Species_LLLLLLLLLLLLLLLLLLLLLLLLLLL
Event: 110.353 Loading class java/lang/invoke/BoundMethodHandle$Species_LLLLLLLLLLLLLLLLLLLLLLLLLLL done
Event: 110.361 Loading class java/lang/invoke/BoundMethodHandle$Species_LLLLLLLLLLLLLLLLLLLLLLLLLLLL
Event: 110.361 Loading class java/lang/invoke/BoundMethodHandle$Species_LLLLLLLLLLLLLLLLLLLLLLLLLLLL done
Event: 110.367 Loading class java/lang/invoke/BoundMethodHandle$Species_LLLLLLLLLLLLLLLLLLLLLLLLLLLLL
Event: 110.367 Loading class java/lang/invoke/BoundMethodHandle$Species_LLLLLLLLLLLLLLLLLLLLLLLLLLLLL done
Event: 110.373 Loading class java/lang/invoke/BoundMethodHandle$Species_LLLLLLLLLLLLLLLLLLLLLLLLLLLLLL
Event: 110.373 Loading class java/lang/invoke/BoundMethodHandle$Species_LLLLLLLLLLLLLLLLLLLLLLLLLLLLLL done
Event: 110.380 Loading class java/lang/invoke/BoundMethodHandle$Species_LLLLLLLLLLLLLLLLLLLLLLLLLLLLLLL
Event: 110.381 Loading class java/lang/invoke/BoundMethodHandle$Species_LLLLLLLLLLLLLLLLLLLLLLLLLLLLLLL done
Event: 110.387 Loading class java/lang/invoke/BoundMethodHandle$Species_LLLLLLLLLLLLLLLLLLLLLLLLLLLLLLLL
Event: 110.388 Loading class java/lang/invoke/BoundMethodHandle$Species_LLLLLLLLLLLLLLLLLLLLLLLLLLLLLLLL done
Event: 110.394 Loading class java/lang/invoke/BoundMethodHandle$Species_LLLLLLLLLLLLLLLLLLLLLLLLLLLLLLLLL
Event: 110.394 Loading class java/lang/invoke/BoundMethodHandle$Species_LLLLLLLLLLLLLLLLLLLLLLLLLLLLLLLLL done

Classes unloaded (0 events):
No events

Classes redefined (0 events):
No events

Internal exceptions (20 events):
Event: 110.214 Thread 0x00000259c802b6d0 Exception <a 'java/lang/NoSuchMethodError'{0x00000000ee854908}: 'java.lang.Object java.lang.invoke.DelegatingMethodHandle$Holder.reinvoke_L(java.lang.Object, java.lang.Object, java.lang.Object, java.lang.Object, java.lang.Object, java.lang.Object, java.lang.Object, java.lang.Object, java.lang.Object, java.lang.Object, java.lang.Object, java.lang.Object, java.lang.Object, java.lang.Object, java.lang.Object, java.lang.Object, java.lang.Object, java.lang.Object, java.lang.Object, java.lang.Object, java.lang.O
Event: 110.336 Thread 0x00000259c802b6d0 Exception <a 'java/lang/NoSuchMethodError'{0x00000000ee740a18}: 'java.lang.Object java.lang.invoke.DirectMethodHandle$Holder.invokeStatic(java.lang.Object, java.lang.Object, java.lang.Object, java.lang.Object, java.lang.Object, java.lang.Object, java.lang.Object, java.lang.Object, java.lang.Object, java.lang.Object, java.lang.Object, java.lang.Object, java.lang.Object, java.lang.Object, java.lang.Object, java.lang.Object, java.lang.Object, java.lang.Object, java.lang.Object, java.lang.Object, java.lang.Obj
Event: 110.350 Thread 0x00000259c802b6d0 Exception <a 'java/lang/NoSuchMethodError'{0x00000000ee777678}: 'java.lang.Object java.lang.invoke.DirectMethodHandle$Holder.invokeStatic(java.lang.Object, java.lang.Object, java.lang.Object, java.lang.Object, java.lang.Object, java.lang.Object, java.lang.Object, java.lang.Object, java.lang.Object, java.lang.Object, java.lang.Object, java.lang.Object, java.lang.Object, java.lang.Object, java.lang.Object, java.lang.Object, java.lang.Object, java.lang.Object, java.lang.Object, java.lang.Object, java.lang.Obj
Event: 110.357 Thread 0x00000259c802b6d0 Exception <a 'java/lang/NoSuchMethodError'{0x00000000ee7afad0}: 'java.lang.Object java.lang.invoke.DirectMethodHandle$Holder.invokeStatic(java.lang.Object, java.lang.Object, java.lang.Object, java.lang.Object, java.lang.Object, java.lang.Object, java.lang.Object, java.lang.Object, java.lang.Object, java.lang.Object, java.lang.Object, java.lang.Object, java.lang.Object, java.lang.Object, java.lang.Object, java.lang.Object, java.lang.Object, java.lang.Object, java.lang.Object, java.lang.Object, java.lang.Obj
Event: 110.365 Thread 0x00000259c802b6d0 Exception <a 'java/lang/NoSuchMethodError'{0x00000000ee7e98b0}: 'java.lang.Object java.lang.invoke.DirectMethodHandle$Holder.invokeStatic(java.lang.Object, java.lang.Object, java.lang.Object, java.lang.Object, java.lang.Object, java.lang.Object, java.lang.Object, java.lang.Object, java.lang.Object, java.lang.Object, java.lang.Object, java.lang.Object, java.lang.Object, java.lang.Object, java.lang.Object, java.lang.Object, java.lang.Object, java.lang.Object, java.lang.Object, java.lang.Object, java.lang.Obj
Event: 110.370 Thread 0x00000259c802b6d0 Exception <a 'java/lang/NoSuchMethodError'{0x00000000ee625a28}: 'java.lang.Object java.lang.invoke.DirectMethodHandle$Holder.invokeStatic(java.lang.Object, java.lang.Object, java.lang.Object, java.lang.Object, java.lang.Object, java.lang.Object, java.lang.Object, java.lang.Object, java.lang.Object, java.lang.Object, java.lang.Object, java.lang.Object, java.lang.Object, java.lang.Object, java.lang.Object, java.lang.Object, java.lang.Object, java.lang.Object, java.lang.Object, java.lang.Object, java.lang.Obj
Event: 110.378 Thread 0x00000259c802b6d0 Exception <a 'java/lang/NoSuchMethodError'{0x00000000ee662668}: 'java.lang.Object java.lang.invoke.DirectMethodHandle$Holder.invokeStatic(java.lang.Object, java.lang.Object, java.lang.Object, java.lang.Object, java.lang.Object, java.lang.Object, java.lang.Object, java.lang.Object, java.lang.Object, java.lang.Object, java.lang.Object, java.lang.Object, java.lang.Object, java.lang.Object, java.lang.Object, java.lang.Object, java.lang.Object, java.lang.Object, java.lang.Object, java.lang.Object, java.lang.Obj
Event: 110.384 Thread 0x00000259c802b6d0 Exception <a 'java/lang/NoSuchMethodError'{0x00000000ee6a06e0}: 'java.lang.Object java.lang.invoke.DirectMethodHandle$Holder.invokeStatic(java.lang.Object, java.lang.Object, java.lang.Object, java.lang.Object, java.lang.Object, java.lang.Object, java.lang.Object, java.lang.Object, java.lang.Object, java.lang.Object, java.lang.Object, java.lang.Object, java.lang.Object, java.lang.Object, java.lang.Object, java.lang.Object, java.lang.Object, java.lang.Object, java.lang.Object, java.lang.Object, java.lang.Obj
Event: 110.390 Thread 0x00000259c802b6d0 Exception <a 'java/lang/NoSuchMethodError'{0x00000000ee6df960}: 'java.lang.Object java.lang.invoke.DirectMethodHandle$Holder.invokeStatic(java.lang.Object, java.lang.Object, java.lang.Object, java.lang.Object, java.lang.Object, java.lang.Object, java.lang.Object, java.lang.Object, java.lang.Object, java.lang.Object, java.lang.Object, java.lang.Object, java.lang.Object, java.lang.Object, java.lang.Object, java.lang.Object, java.lang.Object, java.lang.Object, java.lang.Object, java.lang.Object, java.lang.Obj
Event: 110.467 Thread 0x00000259c802b6d0 Exception <a 'java/lang/NoSuchMethodError'{0x00000000ee521288}: 'java.lang.Object java.lang.invoke.DirectMethodHandle$Holder.invokeStatic(java.lang.Object, java.lang.Object, java.lang.Object, java.lang.Object, java.lang.Object, java.lang.Object, java.lang.Object, java.lang.Object, java.lang.Object, java.lang.Object, java.lang.Object, java.lang.Object, java.lang.Object, java.lang.Object, java.lang.Object, java.lang.Object, java.lang.Object, java.lang.Object, java.lang.Object, java.lang.Object, java.lang.Obj
Event: 110.516 Thread 0x00000259c802b6d0 Exception <a 'java/lang/NoSuchMethodError'{0x00000000ee56b838}: 'java.lang.Object java.lang.invoke.DirectMethodHandle$Holder.newInvokeSpecial(java.lang.Object, java.lang.Object, java.lang.Object, java.lang.Object, java.lang.Object, java.lang.Object, java.lang.Object, java.lang.Object, java.lang.Object, java.lang.Object, java.lang.Object, java.lang.Object, java.lang.Object, java.lang.Object, java.lang.Object, java.lang.Object, java.lang.Object, java.lang.Object, java.lang.Object)'> (0x00000000ee56b838) 
thr
Event: 110.516 Thread 0x00000259c802b6d0 Exception <a 'java/lang/NoSuchMethodError'{0x00000000ee572458}: 'java.lang.Object java.lang.invoke.DirectMethodHandle$Holder.invokeSpecial(java.lang.Object, java.lang.Object, java.lang.Object, java.lang.Object, java.lang.Object, java.lang.Object, java.lang.Object, java.lang.Object, java.lang.Object, java.lang.Object, java.lang.Object, java.lang.Object, java.lang.Object, java.lang.Object, java.lang.Object, java.lang.Object, java.lang.Object, java.lang.Object, java.lang.Object, java.lang.Object)'> (0x0000000
Event: 110.517 Thread 0x00000259c802b6d0 Exception <a 'java/lang/NoSuchMethodError'{0x00000000ee577f60}: 'java.lang.Object java.lang.invoke.DelegatingMethodHandle$Holder.reinvoke_L(java.lang.Object, java.lang.Object, java.lang.Object, java.lang.Object, java.lang.Object, java.lang.Object, java.lang.Object, java.lang.Object, java.lang.Object, java.lang.Object, java.lang.Object, java.lang.Object, java.lang.Object, java.lang.Object, java.lang.Object, java.lang.Object, java.lang.Object, java.lang.Object, java.lang.Object)'> (0x00000000ee577f60) 
throw
Event: 110.815 Thread 0x00000259c802b6d0 Exception <a 'java/lang/NoSuchMethodError'{0x00000000ee28bf40}: 'java.lang.Object java.lang.invoke.DirectMethodHandle$Holder.newInvokeSpecial(java.lang.Object, java.lang.Object, java.lang.Object, java.lang.Object, java.lang.Object, java.lang.Object, java.lang.Object, java.lang.Object, java.lang.Object)'> (0x00000000ee28bf40) 
thrown [s\open\src\hotspot\share\interpreter\linkResolver.cpp, line 796]
Event: 111.149 Thread 0x00000259c802b6d0 Exception <a 'java/lang/NoSuchMethodError'{0x00000000ee0a6660}: 'java.lang.Object java.lang.invoke.DirectMethodHandle$Holder.invokeVirtual(java.lang.Object, java.lang.Object, java.lang.Object, java.lang.Object, java.lang.Object, java.lang.Object, java.lang.Object, java.lang.Object, java.lang.Object, java.lang.Object, java.lang.Object, java.lang.Object, java.lang.Object, java.lang.Object, java.lang.Object)'> (0x00000000ee0a6660) 
thrown [s\open\src\hotspot\share\interpreter\linkResolver.cpp, line 796]
Event: 111.202 Thread 0x00000259c802b6d0 Exception <a 'java/lang/NoSuchMethodError'{0x00000000edf7d6c8}: 'java.lang.Object java.lang.invoke.DirectMethodHandle$Holder.newInvokeSpecial(java.lang.Object, java.lang.Object, java.lang.Object, java.lang.Object, java.lang.Object, java.lang.Object, java.lang.Object, java.lang.Object, java.lang.Object, java.lang.Object, java.lang.Object, java.lang.Object, java.lang.Object)'> (0x00000000edf7d6c8) 
thrown [s\open\src\hotspot\share\interpreter\linkResolver.cpp, line 796]
Event: 111.269 Thread 0x00000259c802b6d0 Exception <a 'java/lang/NoSuchMethodError'{0x00000000ede54a58}: 'java.lang.Object java.lang.invoke.Invokers$Holder.invoker(java.lang.Object, java.lang.Object, java.lang.Object, java.lang.Object, java.lang.Object, java.lang.Object, java.lang.Object, java.lang.Object)'> (0x00000000ede54a58) 
thrown [s\open\src\hotspot\share\interpreter\linkResolver.cpp, line 796]
Event: 111.814 Thread 0x00000259c802b6d0 Exception <a 'java/lang/NoSuchMethodError'{0x00000000edb01838}: 'java.lang.Object java.lang.invoke.DirectMethodHandle$Holder.newInvokeSpecial(java.lang.Object, java.lang.Object, java.lang.Object, java.lang.Object, int)'> (0x00000000edb01838) 
thrown [s\open\src\hotspot\share\interpreter\linkResolver.cpp, line 796]
Event: 111.821 Thread 0x00000259c802b6d0 Exception <a 'java/lang/NoSuchMethodError'{0x00000000edb065e0}: 'java.lang.Object java.lang.invoke.DirectMethodHandle$Holder.invokeSpecial(java.lang.Object, java.lang.Object, java.lang.Object, java.lang.Object, java.lang.Object, int)'> (0x00000000edb065e0) 
thrown [s\open\src\hotspot\share\interpreter\linkResolver.cpp, line 796]
Event: 111.832 Thread 0x00000259c802b6d0 Exception <a 'java/lang/NoSuchMethodError'{0x00000000edb0ad20}: 'java.lang.Object java.lang.invoke.Invokers$Holder.linkToTargetMethod(java.lang.Object, java.lang.Object, java.lang.Object, int, java.lang.Object)'> (0x00000000edb0ad20) 
thrown [s\open\src\hotspot\share\interpreter\linkResolver.cpp, line 796]

VM Operations (20 events):
Event: 95.032 Executing VM operation: HandshakeAllThreads (Deoptimize)
Event: 95.032 Executing VM operation: HandshakeAllThreads (Deoptimize) done
Event: 96.023 Executing VM operation: HandshakeAllThreads (Deoptimize)
Event: 96.023 Executing VM operation: HandshakeAllThreads (Deoptimize) done
Event: 101.532 Executing VM operation: CollectForMetadataAllocation (Metadata GC Threshold)
Event: 101.575 Executing VM operation: CollectForMetadataAllocation (Metadata GC Threshold) done
Event: 102.089 Executing VM operation: CollectForMetadataAllocation (Metadata GC Threshold)
Event: 102.111 Executing VM operation: CollectForMetadataAllocation (Metadata GC Threshold) done
Event: 102.301 Executing VM operation: CollectForMetadataAllocation (Metadata GC Threshold)
Event: 102.305 Executing VM operation: CollectForMetadataAllocation (Metadata GC Threshold) done
Event: 102.412 Executing VM operation: G1PauseRemark
Event: 102.477 Executing VM operation: G1PauseRemark done
Event: 102.499 Executing VM operation: G1PauseCleanup
Event: 102.500 Executing VM operation: G1PauseCleanup done
Event: 102.966 Executing VM operation: HandshakeAllThreads (Deoptimize)
Event: 102.966 Executing VM operation: HandshakeAllThreads (Deoptimize) done
Event: 106.306 Executing VM operation: HandshakeAllThreads (Deoptimize)
Event: 106.306 Executing VM operation: HandshakeAllThreads (Deoptimize) done
Event: 111.737 Executing VM operation: HandshakeAllThreads (Deoptimize)
Event: 111.737 Executing VM operation: HandshakeAllThreads (Deoptimize) done

Memory protections (0 events):
No events

Nmethod flushes (20 events):
Event: 102.474 Thread 0x00000259ad64e690 flushing  nmethod 0x000002599b84aa88
Event: 102.474 Thread 0x00000259ad64e690 flushing  nmethod 0x000002599b873088
Event: 102.474 Thread 0x00000259ad64e690 flushing  nmethod 0x000002599b874688
Event: 102.474 Thread 0x00000259ad64e690 flushing  nmethod 0x000002599b892a08
Event: 102.474 Thread 0x00000259ad64e690 flushing  nmethod 0x000002599b8aae88
Event: 102.474 Thread 0x00000259ad64e690 flushing  nmethod 0x000002599b8ac588
Event: 102.474 Thread 0x00000259ad64e690 flushing  nmethod 0x000002599b8aca08
Event: 102.474 Thread 0x00000259ad64e690 flushing  nmethod 0x000002599b8c0888
Event: 102.474 Thread 0x00000259ad64e690 flushing  nmethod 0x000002599b8dbd88
Event: 102.474 Thread 0x00000259ad64e690 flushing  nmethod 0x000002599b8e5b88
Event: 102.474 Thread 0x00000259ad64e690 flushing  nmethod 0x000002599b8f6a08
Event: 102.474 Thread 0x00000259ad64e690 flushing  nmethod 0x000002599b8f6d08
Event: 102.474 Thread 0x00000259ad64e690 flushing  nmethod 0x000002599b8fa288
Event: 102.474 Thread 0x00000259ad64e690 flushing  nmethod 0x000002599b8fa608
Event: 102.474 Thread 0x00000259ad64e690 flushing  nmethod 0x000002599b96a088
Event: 102.475 Thread 0x00000259ad64e690 flushing  nmethod 0x000002599b96bd88
Event: 102.475 Thread 0x00000259ad64e690 flushing  nmethod 0x000002599b974f08
Event: 102.475 Thread 0x00000259ad64e690 flushing  nmethod 0x000002599ba56408
Event: 102.475 Thread 0x00000259ad64e690 flushing  nmethod 0x000002599ba59408
Event: 102.475 Thread 0x00000259ad64e690 flushing  nmethod 0x000002599ba5be08

Events (20 events):
Event: 51.661 Thread 0x00000259c802b6d0 Thread added: 0x00000259c802a9b0
Event: 56.401 Thread 0x00000259c802b6d0 Thread added: 0x00000259c802b040
Event: 56.570 Thread 0x00000259c802b6d0 Thread added: 0x00000259c8029600
Event: 57.687 Thread 0x00000259c802b6d0 Thread added: 0x00000259c802a320
Event: 58.705 Thread 0x00000259c8029600 Thread added: 0x00000259c7b43040
Event: 68.062 Thread 0x00000259ad6ead90 Thread added: 0x00000259c9ead5c0
Event: 68.243 Thread 0x00000259c9ead5c0 Thread exited: 0x00000259c9ead5c0
Event: 74.621 Thread 0x00000259c802b6d0 Thread added: 0x00000259c7b45e30
Event: 74.688 Thread 0x00000259c802b6d0 Thread added: 0x00000259c7b464c0
Event: 78.174 Thread 0x00000259c802b6d0 Thread added: 0x00000259c7b43d60
Event: 78.410 Thread 0x00000259c802b6d0 Thread added: 0x00000259c7b457a0
Event: 83.965 Thread 0x00000259c802b6d0 Thread added: 0x00000259c7b443f0
Event: 84.574 Thread 0x00000259c802b6d0 Thread added: 0x00000259ca04faf0
Event: 96.095 Thread 0x00000259ad6ead90 Thread added: 0x00000259c9512630
Event: 96.517 Thread 0x00000259c9512630 Thread exited: 0x00000259c9512630
Event: 98.130 Thread 0x00000259c802b6d0 Thread added: 0x00000259ca052250
Event: 98.307 Thread 0x00000259c802b6d0 Thread added: 0x00000259ca050180
Event: 101.396 Thread 0x00000259c802b6d0 Thread added: 0x00000259ca051530
Event: 107.500 Thread 0x00000259c802b6d0 Thread added: 0x00000259ca053c90
Event: 108.698 Thread 0x00000259c802b6d0 Thread added: 0x00000259ca050810


Dynamic libraries:
0x00007ff652b10000 - 0x00007ff652b1e000 	D:\chrome\jdk-23.0.1\bin\java.exe
0x00007ffd0d3c0000 - 0x00007ffd0d623000 	C:\WINDOWS\SYSTEM32\ntdll.dll
0x00007ffd0b660000 - 0x00007ffd0b727000 	C:\WINDOWS\System32\KERNEL32.DLL
0x00007ffd0a790000 - 0x00007ffd0ab57000 	C:\WINDOWS\System32\KERNELBASE.dll
0x00007ffd0af80000 - 0x00007ffd0b0cc000 	C:\WINDOWS\System32\ucrtbase.dll
0x00007ffceace0000 - 0x00007ffceacf7000 	D:\chrome\jdk-23.0.1\bin\jli.dll
0x00007ffd0d1b0000 - 0x00007ffd0d379000 	C:\WINDOWS\System32\USER32.dll
0x00007ffd0a760000 - 0x00007ffd0a787000 	C:\WINDOWS\System32\win32u.dll
0x00007ffd0b630000 - 0x00007ffd0b65a000 	C:\WINDOWS\System32\GDI32.dll
0x00007ffd0b0d0000 - 0x00007ffd0b1fb000 	C:\WINDOWS\System32\gdi32full.dll
0x00007ffd0ab60000 - 0x00007ffd0ac03000 	C:\WINDOWS\System32\msvcp_win.dll
0x00007ffcedd50000 - 0x00007ffcedfe0000 	C:\WINDOWS\WinSxS\amd64_microsoft.windows.common-controls_6595b64144ccf1df_6.0.26100.3037_none_3e09262ce333c378\COMCTL32.dll
0x00007ffd0b360000 - 0x00007ffd0b409000 	C:\WINDOWS\System32\msvcrt.dll
0x00007ffd01e10000 - 0x00007ffd01e2b000 	D:\chrome\jdk-23.0.1\bin\VCRUNTIME140.dll
0x00007ffd0ce10000 - 0x00007ffd0ce3f000 	C:\WINDOWS\System32\IMM32.DLL
0x00007ffd01e00000 - 0x00007ffd01e0c000 	D:\chrome\jdk-23.0.1\bin\vcruntime140_1.dll
0x00007ffcc35e0000 - 0x00007ffcc366e000 	D:\chrome\jdk-23.0.1\bin\msvcp140.dll
0x00007ffc30e20000 - 0x00007ffc31b6f000 	D:\chrome\jdk-23.0.1\bin\server\jvm.dll
0x00007ffd0c1b0000 - 0x00007ffd0c264000 	C:\WINDOWS\System32\ADVAPI32.dll
0x00007ffd0b2b0000 - 0x00007ffd0b356000 	C:\WINDOWS\System32\sechost.dll
0x00007ffd0c040000 - 0x00007ffd0c156000 	C:\WINDOWS\System32\RPCRT4.dll
0x00007ffd0b9c0000 - 0x00007ffd0ba34000 	C:\WINDOWS\System32\WS2_32.dll
0x00007ffd0a5f0000 - 0x00007ffd0a63e000 	C:\WINDOWS\SYSTEM32\POWRPROF.dll
0x00007ffd00490000 - 0x00007ffd004c6000 	C:\WINDOWS\SYSTEM32\WINMM.dll
0x00007ffd01350000 - 0x00007ffd0135b000 	C:\WINDOWS\SYSTEM32\VERSION.dll
0x00007ffd0a5d0000 - 0x00007ffd0a5e4000 	C:\WINDOWS\SYSTEM32\UMPDC.dll
0x00007ffd09590000 - 0x00007ffd095aa000 	C:\WINDOWS\SYSTEM32\kernel.appcore.dll
0x00007ffcfbc40000 - 0x00007ffcfbc4a000 	D:\chrome\jdk-23.0.1\bin\jimage.dll
0x00007ffd00240000 - 0x00007ffd00481000 	C:\WINDOWS\SYSTEM32\DBGHELP.DLL
0x00007ffd0bb00000 - 0x00007ffd0be7e000 	C:\WINDOWS\System32\combase.dll
0x00007ffd0cfb0000 - 0x00007ffd0d086000 	C:\WINDOWS\System32\OLEAUT32.dll
0x00007ffcefdd0000 - 0x00007ffcefe09000 	C:\WINDOWS\SYSTEM32\dbgcore.DLL
0x00007ffd0ac10000 - 0x00007ffd0aca9000 	C:\WINDOWS\System32\bcryptPrimitives.dll
0x00007ffceacd0000 - 0x00007ffceacdf000 	D:\chrome\jdk-23.0.1\bin\instrument.dll
0x00007ffcdda60000 - 0x00007ffcdda7e000 	D:\chrome\jdk-23.0.1\bin\java.dll
0x00007ffd0bea0000 - 0x00007ffd0c035000 	C:\WINDOWS\System32\ole32.dll
0x00007ffd0c270000 - 0x00007ffd0c974000 	C:\WINDOWS\System32\SHELL32.dll
0x00007ffd08460000 - 0x00007ffd08c97000 	C:\WINDOWS\SYSTEM32\windows.storage.dll
0x00007ffd0d0c0000 - 0x00007ffd0d1a9000 	C:\WINDOWS\System32\SHCORE.dll
0x00007ffd0ba40000 - 0x00007ffd0ba9d000 	C:\WINDOWS\System32\shlwapi.dll
0x00007ffd0a670000 - 0x00007ffd0a69e000 	C:\WINDOWS\SYSTEM32\profapi.dll
0x00007ffc7f770000 - 0x00007ffc7f847000 	D:\chrome\jdk-23.0.1\bin\jsvml.dll
0x00007ffcd8c60000 - 0x00007ffcd8c77000 	D:\chrome\jdk-23.0.1\bin\zip.dll
0x00007ffceacc0000 - 0x00007ffceacd0000 	D:\chrome\jdk-23.0.1\bin\net.dll
0x00007ffd09aa0000 - 0x00007ffd09b08000 	C:\WINDOWS\system32\mswsock.dll
0x00007ffcd8b20000 - 0x00007ffcd8b36000 	D:\chrome\jdk-23.0.1\bin\nio.dll
0x00007ffce3740000 - 0x00007ffce3750000 	D:\chrome\jdk-23.0.1\bin\verify.dll
0x00007ffcea7e0000 - 0x00007ffcea807000 	C:\Users\HP\.gradle\native\1def1411415f61bf3af743bc5b6707747c0891f09f0c88961ee8f79bc544acac\windows-amd64\native-platform.dll
0x00007ffc74fa0000 - 0x00007ffc75018000 	C:\Users\HP\.gradle\native\0.2.6\x86_64-windows-gnu\gradle-fileevents.dll
0x00007ffce29e0000 - 0x00007ffce29ea000 	D:\chrome\jdk-23.0.1\bin\management.dll
0x00007ffce2710000 - 0x00007ffce271b000 	D:\chrome\jdk-23.0.1\bin\management_ext.dll
0x00007ffd0be90000 - 0x00007ffd0be98000 	C:\WINDOWS\System32\PSAPI.DLL
0x00007ffd08fe0000 - 0x00007ffd09012000 	C:\WINDOWS\SYSTEM32\IPHLPAPI.DLL
0x00007ffd0b7e0000 - 0x00007ffd0b7ea000 	C:\WINDOWS\System32\NSI.dll
0x00007ffce0e50000 - 0x00007ffce0e59000 	D:\chrome\jdk-23.0.1\bin\extnet.dll
0x00007ffd09d40000 - 0x00007ffd09d5c000 	C:\WINDOWS\SYSTEM32\CRYPTSP.dll
0x00007ffd094f0000 - 0x00007ffd09528000 	C:\WINDOWS\system32\rsaenh.dll
0x00007ffd09b40000 - 0x00007ffd09b6b000 	C:\WINDOWS\SYSTEM32\USERENV.dll
0x00007ffd09f80000 - 0x00007ffd09fa6000 	C:\WINDOWS\SYSTEM32\bcrypt.dll
0x00007ffd09d60000 - 0x00007ffd09d6c000 	C:\WINDOWS\SYSTEM32\CRYPTBASE.dll
0x00007ffcd8c40000 - 0x00007ffcd8c4e000 	D:\chrome\jdk-23.0.1\bin\sunmscapi.dll
0x00007ffd0ae00000 - 0x00007ffd0af76000 	C:\WINDOWS\System32\CRYPT32.dll
0x00007ffd09f40000 - 0x00007ffd09f70000 	C:\WINDOWS\SYSTEM32\ncrypt.dll
0x00007ffd09ef0000 - 0x00007ffd09f2f000 	C:\WINDOWS\SYSTEM32\NTASN1.dll
0x00007ffcbb590000 - 0x00007ffcbb598000 	C:\WINDOWS\system32\wshunix.dll

dbghelp: loaded successfully - version: 4.0.5 - missing functions: none
symbol engine: initialized successfully - sym options: 0x614 - pdb path: .;D:\chrome\jdk-23.0.1\bin;C:\WINDOWS\SYSTEM32;C:\WINDOWS\WinSxS\amd64_microsoft.windows.common-controls_6595b64144ccf1df_6.0.26100.3037_none_3e09262ce333c378;D:\chrome\jdk-23.0.1\bin\server;C:\Users\HP\.gradle\native\1def1411415f61bf3af743bc5b6707747c0891f09f0c88961ee8f79bc544acac\windows-amd64;C:\Users\HP\.gradle\native\0.2.6\x86_64-windows-gnu

VM Arguments:
jvm_args: --add-opens=java.base/java.lang=ALL-UNNAMED --add-opens=java.base/java.lang.invoke=ALL-UNNAMED --add-opens=java.base/java.util=ALL-UNNAMED --add-opens=java.prefs/java.util.prefs=ALL-UNNAMED --add-exports=jdk.compiler/com.sun.tools.javac.api=ALL-UNNAMED --add-exports=jdk.compiler/com.sun.tools.javac.util=ALL-UNNAMED --add-opens=java.base/java.util=ALL-UNNAMED --add-opens=java.prefs/java.util.prefs=ALL-UNNAMED --add-opens=java.base/java.nio.charset=ALL-UNNAMED --add-opens=java.base/java.net=ALL-UNNAMED --add-opens=java.base/java.util.concurrent.atomic=ALL-UNNAMED --add-opens=java.xml/javax.xml.namespace=ALL-UNNAMED -XX:MaxMetaspaceSize=384m -XX:+HeapDumpOnOutOfMemoryError -Xms256m -Xmx512m -Dfile.encoding=UTF-8 -Duser.country=IN -Duser.language=en -Duser.variant -javaagent:C:\Users\HP\.gradle\wrapper\dists\gradle-8.12.1-bin\eumc4uhoysa37zql93vfjkxy0\gradle-8.12.1\lib\agents\gradle-instrumentation-agent-8.12.1.jar 
java_command: org.gradle.launcher.daemon.bootstrap.GradleDaemon 8.12.1
java_class_path (initial): C:\Users\HP\.gradle\wrapper\dists\gradle-8.12.1-bin\eumc4uhoysa37zql93vfjkxy0\gradle-8.12.1\lib\gradle-daemon-main-8.12.1.jar
Launcher Type: SUN_STANDARD

[Global flags]
     intx CICompilerCount                          = 3                                         {product} {ergonomic}
   size_t CompressedClassSpaceSize                 = 335544320                                 {product} {ergonomic}
     uint ConcGCThreads                            = 1                                         {product} {ergonomic}
     uint G1ConcRefinementThreads                  = 4                                         {product} {ergonomic}
   size_t G1HeapRegionSize                         = 1048576                                   {product} {ergonomic}
     bool HeapDumpOnOutOfMemoryError               = true                                   {manageable} {command line}
   size_t InitialHeapSize                          = 268435456                                 {product} {command line}
   size_t MarkStackSize                            = 4194304                                   {product} {ergonomic}
   size_t MarkStackSizeMax                         = 536870912                                 {product} {ergonomic}
   size_t MaxHeapSize                              = 536870912                                 {product} {command line}
   size_t MaxMetaspaceSize                         = 402653184                                 {product} {command line}
   size_t MaxNewSize                               = 321912832                                 {product} {ergonomic}
   size_t MinHeapDeltaBytes                        = 1048576                                   {product} {ergonomic}
   size_t MinHeapSize                              = 268435456                                 {product} {command line}
    uintx NonNMethodCodeHeapSize                   = 5832704                                {pd product} {ergonomic}
    uintx NonProfiledCodeHeapSize                  = 122945536                              {pd product} {ergonomic}
    uintx ProfiledCodeHeapSize                     = 122880000                              {pd product} {ergonomic}
    uintx ReservedCodeCacheSize                    = 251658240                              {pd product} {ergonomic}
     bool SegmentedCodeCache                       = true                                      {product} {ergonomic}
   size_t SoftMaxHeapSize                          = 536870912                              {manageable} {ergonomic}
     bool UseCompressedOops                        = true                           {product lp64_product} {ergonomic}
     bool UseG1GC                                  = true                                      {product} {ergonomic}
     bool UseLargePagesIndividualAllocation        = false                                  {pd product} {ergonomic}

Logging:
Log output configuration:
 #0: stdout all=warning uptime,level,tags foldmultilines=false
 #1: stderr all=off uptime,level,tags foldmultilines=false

Environment Variables:
JAVA_HOME=D:\chrome\jdk-23.0.1
PATH=C:\Python312\Scripts\;C:\Python312\;C:\Program Files\Common Files\Oracle\Java\javapath;C:\Program Files (x86)\Common Files\Oracle\Java\java8path;C:\Program Files (x86)\Common Files\Oracle\Java\javapath;C:\WINDOWS\system32;C:\WINDOWS;C:\WINDOWS\System32\Wbem;C:\WINDOWS\System32\WindowsPowerShell\v1.0\;C:\WINDOWS\System32\OpenSSH\;C:\MinGW\bin;C:\Program Files\Git\cmd;C:\Windows\System32;D:\Bazellisk;C:\ProgramData\chocolatey\bin;D:\chrome\jdk-23.0.1\bin;D:\chrome\node-v22.12.0;D:\nvm;D:\;C:\Program Files\nodejs\;C:\Program Files\MySQL\MySQL Server 8.0\bin;C:\Program Files\MongoDB\Server\8.0\bin;D:\chrome\gradle-8.12-all\gradle-8.12\bin;D:\Redis;C:\Program Files\MySQL\MySQL Server 8.0\bin;C:\Users\HP\AppData\Local\Programs\mongosh\;C:\Users\HP\AppData\Local\Programs\Microsoft VS Code\bin;D:\IntelliJ IDEA 2024.3.2\bin;
USERNAME=HP
OS=Windows_NT
PROCESSOR_IDENTIFIER=AMD64 Family 23 Model 24 Stepping 1, AuthenticAMD
TMP=C:\Users\HP\AppData\Local\Temp
TEMP=C:\Users\HP\AppData\Local\Temp




Periodic native trim disabled

---------------  S Y S T E M  ---------------

OS:
 Windows 11 , 64 bit Build 26100 (10.0.26100.3037)
OS uptime: 0 days 5:46 hours
Hyper-V role detected

CPU: total 4 (initial active 4) (4 cores per cpu, 2 threads per core) family 23 model 24 stepping 1 microcode 0x8108109, cx8, cmov, fxsr, ht, mmx, 3dnowpref, sse, sse2, sse3, ssse3, sse4a, sse4.1, sse4.2, popcnt, lzcnt, tsc, tscinvbit, avx, avx2, aes, clmul, bmi1, bmi2, adx, sha, fma, vzeroupper, clflush, clflushopt, hv, rdtscp, f16c
Processor Information for the first 4 processors :
  Max Mhz: 2600, Current Mhz: 2600, Mhz Limit: 2600

Memory: 4k page, system-wide physical 6086M (331M free)
TotalPageFile size 24518M (AvailPageFile size 38M)
current process WorkingSet (physical memory assigned to process): 214M, peak: 228M
current process commit charge ("private bytes"): 427M, peak: 431M

vm_info: OpenJDK 64-Bit Server VM (23.0.1+11-39) for windows-amd64 JRE (23.0.1+11-39), built on 2024-09-30T07:20:43Z with MS VC++ 17.6 (VS2022)

END.
